[2J[Hdnapars: can't find input file "infile"
Please enter a new file name> [2J[H
DNA parsimony algorithm, version 3.697

Setting for this run:
  U                 Search for best tree?  Yes
  S                        Search option?  More thorough search
  V              Number of trees to save?  10000
  J   Randomize input order of sequences?  No. Use input order
  O                        Outgroup root?  No, use as outgroup species  1
  T              Use Threshold parsimony?  No, use ordinary parsimony
  N           Use Transversion parsimony?  No, count all steps
  W                       Sites weighted?  No
  M           Analyze multiple data sets?  No
  I          Input sequences interleaved?  Yes
  0   Terminal type (IBM PC, ANSI, none)?  ANSI
  1    Print out the data at start of run  No
  2  Print indications of progress of run  Yes
  3                        Print out tree  Yes
  4          Print out steps in each site  No
  5  Print sequences at all nodes of tree  No
  6       Write out trees onto tree file?  Yes

  Y to accept these or type the letter for one to change

Random number seed (must be odd)?
Number of times to jumble?
[2J[H
DNA parsimony algorithm, version 3.697

Setting for this run:
  U                 Search for best tree?  Yes
  S                        Search option?  More thorough search
  V              Number of trees to save?  10000
  J   Randomize input order of sequences?  Yes (seed =   35165, 10 times)
  O                        Outgroup root?  No, use as outgroup species  1
  T              Use Threshold parsimony?  No, use ordinary parsimony
  N           Use Transversion parsimony?  No, count all steps
  W                       Sites weighted?  No
  M           Analyze multiple data sets?  No
  I          Input sequences interleaved?  Yes
  0   Terminal type (IBM PC, ANSI, none)?  ANSI
  1    Print out the data at start of run  No
  2  Print indications of progress of run  Yes
  3                        Print out tree  Yes
  4          Print out steps in each site  No
  5  Print sequences at all nodes of tree  No
  6       Write out trees onto tree file?  Yes

  Y to accept these or type the letter for one to change
Type number of the outgroup:
[2J[H
DNA parsimony algorithm, version 3.697

Setting for this run:
  U                 Search for best tree?  Yes
  S                        Search option?  More thorough search
  V              Number of trees to save?  10000
  J   Randomize input order of sequences?  Yes (seed =   35165, 10 times)
  O                        Outgroup root?  Yes, at sequence number  1
  T              Use Threshold parsimony?  No, use ordinary parsimony
  N           Use Transversion parsimony?  No, count all steps
  W                       Sites weighted?  No
  M           Analyze multiple data sets?  No
  I          Input sequences interleaved?  Yes
  0   Terminal type (IBM PC, ANSI, none)?  ANSI
  1    Print out the data at start of run  No
  2  Print indications of progress of run  Yes
  3                        Print out tree  Yes
  4          Print out steps in each site  No
  5  Print sequences at all nodes of tree  No
  6       Write out trees onto tree file?  Yes

  Y to accept these or type the letter for one to change
[2J[H
DNA parsimony algorithm, version 3.697

Setting for this run:
  U                 Search for best tree?  Yes
  S                        Search option?  More thorough search
  V              Number of trees to save?  10000
  J   Randomize input order of sequences?  Yes (seed =   35165, 10 times)
  O                        Outgroup root?  Yes, at sequence number  1
  T              Use Threshold parsimony?  No, use ordinary parsimony
  N           Use Transversion parsimony?  No, count all steps
  W                       Sites weighted?  No
  M           Analyze multiple data sets?  No
  I          Input sequences interleaved?  Yes
  0   Terminal type (IBM PC, ANSI, none)?  ANSI
  1    Print out the data at start of run  No
  2  Print indications of progress of run  Yes
  3                        Print out tree  Yes
  4          Print out steps in each site  Yes
  5  Print sequences at all nodes of tree  No
  6       Write out trees onto tree file?  Yes

  Y to accept these or type the letter for one to change
[2J[H
DNA parsimony algorithm, version 3.697

Setting for this run:
  U                 Search for best tree?  Yes
  S                        Search option?  More thorough search
  V              Number of trees to save?  10000
  J   Randomize input order of sequences?  Yes (seed =   35165, 10 times)
  O                        Outgroup root?  Yes, at sequence number  1
  T              Use Threshold parsimony?  No, use ordinary parsimony
  N           Use Transversion parsimony?  No, count all steps
  W                       Sites weighted?  No
  M           Analyze multiple data sets?  No
  I          Input sequences interleaved?  Yes
  0   Terminal type (IBM PC, ANSI, none)?  ANSI
  1    Print out the data at start of run  No
  2  Print indications of progress of run  Yes
  3                        Print out tree  Yes
  4          Print out steps in each site  Yes
  5  Print sequences at all nodes of tree  Yes
  .  Use dot-differencing to display them  Yes
  6       Write out trees onto tree file?  Yes

  Y to accept these or type the letter for one to change
[2J[H
DNA parsimony algorithm, version 3.697

Setting for this run:
  U                 Search for best tree?  Yes
  S                        Search option?  More thorough search
  V              Number of trees to save?  10000
  J   Randomize input order of sequences?  Yes (seed =   35165, 10 times)
  O                        Outgroup root?  Yes, at sequence number  1
  T              Use Threshold parsimony?  No, use ordinary parsimony
  N           Use Transversion parsimony?  No, count all steps
  W                       Sites weighted?  No
  M           Analyze multiple data sets?  No
  I          Input sequences interleaved?  Yes
  0   Terminal type (IBM PC, ANSI, none)?  ANSI
  1    Print out the data at start of run  No
  2  Print indications of progress of run  Yes
  3                        Print out tree  Yes
  4          Print out steps in each site  Yes
  5  Print sequences at all nodes of tree  Yes
  .  Use dot-differencing to display them  No
  6       Write out trees onto tree file?  Yes

  Y to accept these or type the letter for one to change
Adding species:
   1. naive     
   2. seq14     
   3. seq10     
   4. seq15     
   5. seq12     
   6. seq11     
   7. seq3      
   8. seq1      
   9. seq8      
  10. seq17     
  11. seq6      
  12. seq16     
  13. seq7      
  14. seq5      
  15. seq9      
  16. seq2      
  17. seq4      
  18. seq13     

Doing global rearrangements on all trees tied for best
  !-----------------------------------!
   ...................................
   ...................................

Adding species:
   1. seq2      
   2. seq12     
   3. seq7      
   4. seq8      
   5. seq3      
   6. seq10     
   7. naive     
   8. seq6      
   9. seq17     
  10. seq11     
  11. seq4      
  12. seq16     
  13. seq15     
  14. seq14     
  15. seq9      
  16. seq13     
  17. seq1      
  18. seq5      

Doing global rearrangements on all trees tied for best
  !-----------------------------------!
   ...................................

Adding species:
   1. naive     
   2. seq10     
   3. seq8      
   4. seq1      
   5. seq17     
   6. seq7      
   7. seq13     
   8. seq6      
   9. seq4      
  10. seq2      
  11. seq3      
  12. seq16     
  13. seq15     
  14. seq12     
  15. seq14     
  16. seq11     
  17. seq9      
  18. seq5      

Doing global rearrangements on all trees tied for best
  !-----------------------------------!
   ...................................

Adding species:
   1. seq4      
   2. seq13     
   3. naive     
   4. seq12     
   5. seq14     
   6. seq16     
   7. seq2      
   8. seq17     
   9. seq6      
  10. seq8      
  11. seq3      
  12. seq15     
  13. seq11     
  14. seq1      
  15. seq5      
  16. seq7      
  17. seq9      
  18. seq10     

Doing global rearrangements on all trees tied for best
  !-----------------------------------!
   ...................................

Adding species:
   1. seq10     
   2. seq4      
   3. seq5      
   4. seq11     
   5. seq3      
   6. naive     
   7. seq8      
   8. seq16     
   9. seq17     
  10. seq6      
  11. seq7      
  12. seq13     
  13. seq12     
  14. seq2      
  15. seq1      
  16. seq15     
  17. seq14     
  18. seq9      

Doing global rearrangements on all trees tied for best
  !-----------------------------------!
   ...................................

Adding species:
   1. naive     
   2. seq14     
   3. seq1      
   4. seq11     
   5. seq8      
   6. seq6      
   7. seq3      
   8. seq7      
   9. seq10     
  10. seq13     
  11. seq12     
  12. seq16     
  13. seq15     
  14. seq2      
  15. seq5      
  16. seq4      
  17. seq9      
  18. seq17     

Doing global rearrangements on all trees tied for best
  !-----------------------------------!
   ...................................

Adding species:
   1. seq9      
   2. seq2      
   3. seq16     
   4. seq5      
   5. seq1      
   6. seq15     
   7. seq4      
   8. seq14     
   9. seq12     
  10. seq7      
  11. naive     
  12. seq13     
  13. seq8      
  14. seq10     
  15. seq6      
  16. seq11     
  17. seq17     
  18. seq3      

Doing global rearrangements on all trees tied for best
  !-----------------------------------!
   ...................................

Adding species:
   1. naive     
   2. seq4      
   3. seq17     
   4. seq14     
   5. seq12     
   6. seq3      
   7. seq9      
   8. seq2      
   9. seq11     
  10. seq16     
  11. seq10     
  12. seq13     
  13. seq7      
  14. seq15     
  15. seq1      
  16. seq5      
  17. seq8      
  18. seq6      

Doing global rearrangements on all trees tied for best
  !-----------------------------------!
   ...................................

Adding species:
   1. seq9      
   2. seq17     
   3. seq11     
   4. seq13     
   5. seq16     
   6. seq14     
   7. seq5      
   8. seq7      
   9. seq15     
  10. seq3      
  11. seq12     
  12. seq1      
  13. seq6      
  14. naive     
  15. seq2      
  16. seq4      
  17. seq10     
  18. seq8      

Doing global rearrangements on all trees tied for best
  !-----------------------------------!
   ...................................

Adding species:
   1. seq8      
   2. seq1      
   3. seq17     
   4. seq13     
   5. naive     
   6. seq5      
   7. seq15     
   8. seq4      
   9. seq7      
  10. seq6      
  11. seq14     
  12. seq9      
  13. seq12     
  14. seq10     
  15. seq3      
  16. seq2      
  17. seq16     
  18. seq11     

Doing global rearrangements on all trees tied for best
  !-----------------------------------!
   ...................................

Collapsing best trees
   .

Output written to file "outfile"

Tree also written onto file "outtree"

Done.

