[2J[Hdnapars: can't find input file "infile"
Please enter a new file name> [2J[H
DNA parsimony algorithm, version 3.697

Setting for this run:
  U                 Search for best tree?  Yes
  S                        Search option?  More thorough search
  V              Number of trees to save?  10000
  J   Randomize input order of sequences?  No. Use input order
  O                        Outgroup root?  No, use as outgroup species  1
  T              Use Threshold parsimony?  No, use ordinary parsimony
  N           Use Transversion parsimony?  No, count all steps
  W                       Sites weighted?  No
  M           Analyze multiple data sets?  No
  I          Input sequences interleaved?  Yes
  0   Terminal type (IBM PC, ANSI, none)?  ANSI
  1    Print out the data at start of run  No
  2  Print indications of progress of run  Yes
  3                        Print out tree  Yes
  4          Print out steps in each site  No
  5  Print sequences at all nodes of tree  No
  6       Write out trees onto tree file?  Yes

  Y to accept these or type the letter for one to change

Random number seed (must be odd)?
Number of times to jumble?
[2J[H
DNA parsimony algorithm, version 3.697

Setting for this run:
  U                 Search for best tree?  Yes
  S                        Search option?  More thorough search
  V              Number of trees to save?  10000
  J   Randomize input order of sequences?  Yes (seed = 1479135, 10 times)
  O                        Outgroup root?  No, use as outgroup species  1
  T              Use Threshold parsimony?  No, use ordinary parsimony
  N           Use Transversion parsimony?  No, count all steps
  W                       Sites weighted?  No
  M           Analyze multiple data sets?  No
  I          Input sequences interleaved?  Yes
  0   Terminal type (IBM PC, ANSI, none)?  ANSI
  1    Print out the data at start of run  No
  2  Print indications of progress of run  Yes
  3                        Print out tree  Yes
  4          Print out steps in each site  No
  5  Print sequences at all nodes of tree  No
  6       Write out trees onto tree file?  Yes

  Y to accept these or type the letter for one to change
Type number of the outgroup:
[2J[H
DNA parsimony algorithm, version 3.697

Setting for this run:
  U                 Search for best tree?  Yes
  S                        Search option?  More thorough search
  V              Number of trees to save?  10000
  J   Randomize input order of sequences?  Yes (seed = 1479135, 10 times)
  O                        Outgroup root?  Yes, at sequence number  1
  T              Use Threshold parsimony?  No, use ordinary parsimony
  N           Use Transversion parsimony?  No, count all steps
  W                       Sites weighted?  No
  M           Analyze multiple data sets?  No
  I          Input sequences interleaved?  Yes
  0   Terminal type (IBM PC, ANSI, none)?  ANSI
  1    Print out the data at start of run  No
  2  Print indications of progress of run  Yes
  3                        Print out tree  Yes
  4          Print out steps in each site  No
  5  Print sequences at all nodes of tree  No
  6       Write out trees onto tree file?  Yes

  Y to accept these or type the letter for one to change
[2J[H
DNA parsimony algorithm, version 3.697

Setting for this run:
  U                 Search for best tree?  Yes
  S                        Search option?  More thorough search
  V              Number of trees to save?  10000
  J   Randomize input order of sequences?  Yes (seed = 1479135, 10 times)
  O                        Outgroup root?  Yes, at sequence number  1
  T              Use Threshold parsimony?  No, use ordinary parsimony
  N           Use Transversion parsimony?  No, count all steps
  W                       Sites weighted?  No
  M           Analyze multiple data sets?  No
  I          Input sequences interleaved?  Yes
  0   Terminal type (IBM PC, ANSI, none)?  ANSI
  1    Print out the data at start of run  No
  2  Print indications of progress of run  Yes
  3                        Print out tree  Yes
  4          Print out steps in each site  Yes
  5  Print sequences at all nodes of tree  No
  6       Write out trees onto tree file?  Yes

  Y to accept these or type the letter for one to change
[2J[H
DNA parsimony algorithm, version 3.697

Setting for this run:
  U                 Search for best tree?  Yes
  S                        Search option?  More thorough search
  V              Number of trees to save?  10000
  J   Randomize input order of sequences?  Yes (seed = 1479135, 10 times)
  O                        Outgroup root?  Yes, at sequence number  1
  T              Use Threshold parsimony?  No, use ordinary parsimony
  N           Use Transversion parsimony?  No, count all steps
  W                       Sites weighted?  No
  M           Analyze multiple data sets?  No
  I          Input sequences interleaved?  Yes
  0   Terminal type (IBM PC, ANSI, none)?  ANSI
  1    Print out the data at start of run  No
  2  Print indications of progress of run  Yes
  3                        Print out tree  Yes
  4          Print out steps in each site  Yes
  5  Print sequences at all nodes of tree  Yes
  .  Use dot-differencing to display them  Yes
  6       Write out trees onto tree file?  Yes

  Y to accept these or type the letter for one to change
[2J[H
DNA parsimony algorithm, version 3.697

Setting for this run:
  U                 Search for best tree?  Yes
  S                        Search option?  More thorough search
  V              Number of trees to save?  10000
  J   Randomize input order of sequences?  Yes (seed = 1479135, 10 times)
  O                        Outgroup root?  Yes, at sequence number  1
  T              Use Threshold parsimony?  No, use ordinary parsimony
  N           Use Transversion parsimony?  No, count all steps
  W                       Sites weighted?  No
  M           Analyze multiple data sets?  No
  I          Input sequences interleaved?  Yes
  0   Terminal type (IBM PC, ANSI, none)?  ANSI
  1    Print out the data at start of run  No
  2  Print indications of progress of run  Yes
  3                        Print out tree  Yes
  4          Print out steps in each site  Yes
  5  Print sequences at all nodes of tree  Yes
  .  Use dot-differencing to display them  No
  6       Write out trees onto tree file?  Yes

  Y to accept these or type the letter for one to change
Adding species:
   1. seq9      
   2. seq24     
   3. seq29     
   4. seq8      
   5. seq2      
   6. seq17     
   7. seq25     
   8. seq11     
   9. seq19     
  10. seq3      
  11. seq13     
  12. seq7      
  13. seq16     
  14. naive     
  15. seq26     
  16. seq1      
  17. seq15     
  18. seq10     
  19. seq21     
  20. seq20     
  21. seq27     
  22. seq23     
  23. seq14     
  24. seq6      
  25. seq5      
  26. seq18     
  27. seq22     
  28. seq28     
  29. seq12     
  30. seq4      

Doing global rearrangements on all trees tied for best
  !-----------------------------------------------------------!
   ...........................................................
   ...........................................................

Adding species:
   1. seq14     
   2. seq23     
   3. seq27     
   4. seq6      
   5. seq29     
   6. seq10     
   7. seq4      
   8. seq2      
   9. seq9      
  10. seq7      
  11. seq15     
  12. seq1      
  13. seq26     
  14. seq17     
  15. seq16     
  16. naive     
  17. seq18     
  18. seq11     
  19. seq25     
  20. seq21     
  21. seq5      
  22. seq28     
  23. seq24     
  24. seq3      
  25. seq19     
  26. seq22     
  27. seq20     
  28. seq12     
  29. seq8      
  30. seq13     

Doing global rearrangements on all trees tied for best
  !-----------------------------------------------------------!
   ...........................................................
   ...........................................................
   ...........................................................
   ...........................................................
   ...........................................................
   ...........................................................
   ...........................................................
   ...........................................................
   ...........................................................

Adding species:
   1. seq5      
   2. seq23     
   3. seq3      
   4. seq24     
   5. seq10     
   6. seq21     
   7. seq18     
   8. seq26     
   9. seq17     
  10. naive     
  11. seq7      
  12. seq9      
  13. seq28     
  14. seq27     
  15. seq11     
  16. seq8      
  17. seq4      
  18. seq14     
  19. seq20     
  20. seq22     
  21. seq6      
  22. seq2      
  23. seq19     
  24. seq29     
  25. seq25     
  26. seq16     
  27. seq12     
  28. seq15     
  29. seq13     
  30. seq1      

Doing global rearrangements on all trees tied for best
  !-----------------------------------------------------------!
   ...........................................................

Adding species:
   1. seq17     
   2. seq22     
   3. seq5      
   4. seq15     
   5. seq25     
   6. seq11     
   7. seq1      
   8. seq12     
   9. seq28     
  10. seq2      
  11. seq18     
  12. seq4      
  13. seq8      
  14. seq29     
  15. seq13     
  16. seq27     
  17. seq20     
  18. seq26     
  19. seq6      
  20. seq14     
  21. seq3      
  22. seq19     
  23. seq23     
  24. seq24     
  25. seq16     
  26. seq9      
  27. naive     
  28. seq7      
  29. seq21     
  30. seq10     

Doing global rearrangements on all trees tied for best
  !-----------------------------------------------------------!
   ...........................................................

Adding species:
   1. seq24     
   2. seq2      
   3. seq14     
   4. seq5      
   5. seq13     
   6. seq28     
   7. seq25     
   8. seq19     
   9. seq27     
  10. seq9      
  11. seq26     
  12. seq10     
  13. seq20     
  14. seq29     
  15. seq1      
  16. seq18     
  17. seq12     
  18. seq11     
  19. naive     
  20. seq8      
  21. seq4      
  22. seq6      
  23. seq17     
  24. seq23     
  25. seq7      
  26. seq21     
  27. seq3      
  28. seq22     
  29. seq16     
  30. seq15     

Doing global rearrangements on all trees tied for best
  !-----------------------------------------------------------!
   ...........................................................
   ...........................................................
   ...........................................................
   ...........................................................
   ...........................................................
   ...........................................................
   ...........................................................
   ...........................................................
   ...........................................................
   ...........................................................
   ...........................................................
   ...........................................................
   ...........................................................
   ...........................................................
   ...........................................................
   ...........................................................
   ...........................................................
   ...........................................................
   ...........................................................
   ...........................................................
   ...........................................................
   ...........................................................
   ...........................................................
   ...........................................................
   ...........................................................
   ...........................................................
   ...........................................................
   ...........................................................
   ...........................................................
   ...........................................................
   ...........................................................
   ...........................................................
   ...........................................................
   ...........................................................
   ...........................................................
   ...........................................................
   ...........................................................
   ...........................................................
   ...........................................................
   ...........................................................
   ...........................................................
   ...........................................................
   ...........................................................
   ...........................................................
   ...........................................................
   ...........................................................
   ...........................................................
   ...........................................................
   ...........................................................
   ...........................................................
   ...........................................................
   ...........................................................
   ...........................................................
   ...........................................................
   ...........................................................
   ...........................................................
   ...........................................................
   ...........................................................
   ...........................................................
   ...........................................................
   ...........................................................
   ...........................................................
   ...........................................................
   ...........................................................
   ...........................................................
   ...........................................................
   ...........................................................
   ...........................................................
   ...........................................................
   ...........................................................
   ...........................................................
   ...........................................................
   ...........................................................
   ...........................................................
   ...........................................................
   ...........................................................
   ...........................................................
   ...........................................................
   ...........................................................
   ...........................................................
   ...........................................................
   ...........................................................
   ...........................................................
   ...........................................................
   ...........................................................
   ...........................................................
   ...........................................................
   ...........................................................
   ...........................................................
   ...........................................................
   ...........................................................
   ...........................................................
   ...........................................................
   ...........................................................
   ...........................................................
   ...........................................................
   ...........................................................
   ...........................................................
   ...........................................................
   ...........................................................
   ...........................................................
   ...........................................................
   ...........................................................
   ...........................................................
   ...........................................................
   ...........................................................
   ...........................................................
   ...........................................................
   ...........................................................
   ...........................................................
   ...........................................................
   ...........................................................
   ...........................................................
   ...........................................................
   ...........................................................
   ...........................................................
   ...........................................................
   ...........................................................
   ...........................................................
   ...........................................................
   ...........................................................
   ...........................................................
   ...........................................................
   ...........................................................
   ...........................................................
   ...........................................................
   ...........................................................
   ...........................................................
   ...........................................................
   ...........................................................
   ...........................................................
   ...........................................................
   ...........................................................
   ...........................................................
   ...........................................................
   ...........................................................
   ...........................................................
   ...........................................................
   ...........................................................
   ...........................................................
   ...........................................................
   ...........................................................
   ...........................................................
   ...........................................................
   ...........................................................
   ...........................................................
   ...........................................................
   ...........................................................
   ...........................................................
   ...........................................................
   ...........................................................
   ...........................................................
   ...........................................................
   ...........................................................
   ...........................................................
   ...........................................................
   ...........................................................
   ...........................................................
   ...........................................................
   ...........................................................
   ...........................................................
   ...........................................................
   ...........................................................
   ...........................................................
   ...........................................................
   ...........................................................
   ...........................................................
   ...........................................................
   ...........................................................
   ...........................................................
   ...........................................................
   ...........................................................
   ...........................................................
   ...........................................................
   ...........................................................
   ...........................................................
   ...........................................................
   ...........................................................
   ...........................................................
   ...........................................................
   ...........................................................
   ...........................................................
   ...........................................................
   ...........................................................
   ...........................................................
   ...........................................................
   ...........................................................
   ...........................................................
   ...........................................................
   ...........................................................
   ...........................................................
   ...........................................................
   ...........................................................
   ...........................................................
   ...........................................................
   ...........................................................
   ...........................................................
   ...........................................................
   ...........................................................
   ...........................................................
   ...........................................................
   ...........................................................
   ...........................................................
   ...........................................................
   ...........................................................
   ...........................................................
   ...........................................................
   ...........................................................
   ...........................................................
   ...........................................................
   ...........................................................
   ...........................................................
   ...........................................................
   ...........................................................
   ...........................................................
   ...........................................................
   ...........................................................
   ...........................................................
   ...........................................................
   ...........................................................
   ...........................................................
   ...........................................................
   ...........................................................
   ...........................................................
   ...........................................................
   ...........................................................
   ...........................................................
   ...........................................................
   ...........................................................
   ...........................................................
   ...........................................................
   ...........................................................
   ...........................................................
   ...........................................................
   ...........................................................
   ...........................................................
   ...........................................................
   ...........................................................
   ...........................................................
   ...........................................................
   ...........................................................
   ...........................................................
   ...........................................................
   ...........................................................
   ...........................................................
   ...........................................................
   ...........................................................
   ...........................................................
   ...........................................................
   ...........................................................
   ...........................................................
   ...........................................................
   ...........................................................
   ...........................................................
   ...........................................................
   ...........................................................
   ...........................................................
   ...........................................................
   ...........................................................
   ...........................................................
   ...........................................................
   ...........................................................
   ...........................................................
   ...........................................................
   ...........................................................
   ...........................................................
   ...........................................................
   ...........................................................
   ...........................................................
   ...........................................................
   ...........................................................
   ...........................................................
   ...........................................................
   ...........................................................
   ...........................................................
   ...........................................................
   ...........................................................
   ...........................................................
   ...........................................................
   ...........................................................
   ...........................................................
   ...........................................................
   ...........................................................
   ...........................................................
   ...........................................................
   ...........................................................
   ...........................................................
   ...........................................................
   ...........................................................
   ...........................................................
   ...........................................................
   ...........................................................
   ...........................................................
   ...........................................................
   ...........................................................
   ...........................................................
   ...........................................................
   ...........................................................
   ...........................................................
   ...........................................................
   ...........................................................
   ...........................................................
   ...........................................................
   ...........................................................
   ...........................................................
   ...........................................................
   ...........................................................
   ...........................................................
   ...........................................................
   ...........................................................
   ...........................................................
   ...........................................................
   ...........................................................
   ...........................................................
   ...........................................................
   ...........................................................
   ...........................................................
   ...........................................................
   ...........................................................
   ...........................................................
   ...........................................................
   ...........................................................
   ...........................................................
   ...........................................................
   ...........................................................
   ...........................................................
   ...........................................................
   ...........................................................
   ...........................................................
   ...........................................................
   ...........................................................
   ...........................................................
   ...........................................................
   ...........................................................
   ...........................................................
   ...........................................................
   ...........................................................
   ...........................................................
   ...........................................................
   ...........................................................
   ...........................................................
   ...........................................................
   ...........................................................
   ...........................................................
   ...........................................................
   ...........................................................
   ...........................................................
   ...........................................................
   ...........................................................
   ...........................................................
   ...........................................................
   ...........................................................
   ...........................................................
   ...........................................................
   ...........................................................
   ...........................................................
   ...........................................................
   ...........................................................
   ...........................................................
   ...........................................................
   ...........................................................
   ...........................................................
   ...........................................................
   ...........................................................
   ...........................................................
   ...........................................................
   ...........................................................
   ...........................................................
   ...........................................................
   ...........................................................
   ...........................................................
   ...........................................................
   ...........................................................
   ...........................................................
   ...........................................................
   ...........................................................
   ...........................................................
   ...........................................................
   ...........................................................
   ...........................................................
   ...........................................................
   ...........................................................
   ...........................................................
   ...........................................................
   ...........................................................
   ...........................................................
   ...........................................................
   ...........................................................
   ...........................................................
   ...........................................................
   ...........................................................
   ...........................................................
   ...........................................................
   ...........................................................
   ...........................................................
   ...........................................................
   ...........................................................
   ...........................................................
   ...........................................................
   ...........................................................
   ...........................................................
   ...........................................................
   ...........................................................
   ...........................................................
   ...........................................................
   ...........................................................
   ...........................................................
   ...........................................................
   ...........................................................
   ...........................................................
   ...........................................................
   ...........................................................
   ...........................................................
   ...........................................................
   ...........................................................
   ...........................................................
   ...........................................................
   ...........................................................
   ...........................................................
   ...........................................................
   ...........................................................
   ...........................................................
   ...........................................................
   ...........................................................
   ...........................................................
   ...........................................................
   ...........................................................
   ...........................................................
   ...........................................................
   ...........................................................
   ...........................................................
   ...........................................................
   ...........................................................
   ...........................................................
   ...........................................................
   ...........................................................
   ...........................................................
   ...........................................................
   ...........................................................
   ...........................................................
   ...........................................................
   ...........................................................
   ...........................................................
   ...........................................................
   ...........................................................
   ...........................................................
   ...........................................................
   ...........................................................
   ...........................................................
   ...........................................................
   ...........................................................
   ...........................................................
   ...........................................................
   ...........................................................
   ...........................................................
   ...........................................................
   ...........................................................
   ...........................................................
   ...........................................................
   ...........................................................
   ...........................................................
   ...........................................................
   ...........................................................
   ...........................................................
   ...........................................................
   ...........................................................
   ...........................................................
   ...........................................................
   ...........................................................
   ...........................................................
   ...........................................................
   ...........................................................
   ...........................................................
   ...........................................................
   ...........................................................
   ...........................................................
   ...........................................................
   ...........................................................
   ...........................................................
   ...........................................................
   ...........................................................
   ...........................................................
   ...........................................................
   ...........................................................
   ...........................................................
   ...........................................................
   ...........................................................
   ...........................................................
   ...........................................................
   ...........................................................
   ...........................................................
   ...........................................................
   ...........................................................
   ...........................................................
   ...........................................................
   ...........................................................
   ...........................................................
   ...........................................................
   ...........................................................
   ...........................................................
   ...........................................................
   ...........................................................
   ...........................................................
   ...........................................................
   ...........................................................
   ...........................................................
   ...........................................................
   ...........................................................
   ...........................................................
   ...........................................................
   ...........................................................
   ...........................................................
   ...........................................................
   ...........................................................
   ...........................................................
   ...........................................................
   ...........................................................
   ...........................................................
   ...........................................................
   ...........................................................
   ...........................................................
   ...........................................................
   ...........................................................
   ...........................................................
   ...........................................................
   ...........................................................
   ...........................................................
   ...........................................................
   ...........................................................
   ...........................................................
   ...........................................................
   ...........................................................
   ...........................................................
   ...........................................................
   ...........................................................
   ...........................................................
   ...........................................................
   ...........................................................
   ...........................................................
   ...........................................................
   ...........................................................
   ...........................................................
   ...........................................................
   ...........................................................
   ...........................................................
   ...........................................................
   ...........................................................
   ...........................................................
   ...........................................................
   ...........................................................
   ...........................................................
   ...........................................................
   ...........................................................
   ...........................................................
   ...........................................................
   ...........................................................
   ...........................................................
   ...........................................................
   ...........................................................
   ...........................................................
   ...........................................................
   ...........................................................
   ...........................................................
   ...........................................................
   ...........................................................
   ...........................................................
   ...........................................................
   ...........................................................
   ...........................................................
   ...........................................................
   ...........................................................
   ...........................................................
   ...........................................................
   ...........................................................
   ...........................................................
   ...........................................................
   ...........................................................
   ...........................................................
   ...........................................................
   ...........................................................
   ...........................................................
   ...........................................................
   ...........................................................
   ...........................................................
   ...........................................................
   ...........................................................
   ...........................................................
   ...........................................................
   ...........................................................
   ...........................................................
   ...........................................................
   ...........................................................
   ...........................................................
   ...........................................................
   ...........................................................
   ...........................................................
   ...........................................................
   ...........................................................
   ...........................................................
   ...........................................................
   ...........................................................
   ...........................................................
   ...........................................................
   ...........................................................
   ...........................................................
   ...........................................................
   ...........................................................
   ...........................................................
   ...........................................................
   ...........................................................
   ...........................................................
   ...........................................................
   ...........................................................
   ...........................................................
   ...........................................................
   ...........................................................
   ...........................................................
   ...........................................................
   ...........................................................
   ...........................................................
   ...........................................................
   ...........................................................
   ...........................................................
   ...........................................................
   ...........................................................
   ...........................................................
   ...........................................................
   ...........................................................
   ...........................................................
   ...........................................................
   ...........................................................
   ...........................................................
   ...........................................................
   ...........................................................
   ...........................................................
   ...........................................................
   ...........................................................
   ...........................................................
   ...........................................................
   ...........................................................
   ...........................................................
   ...........................................................
   ...........................................................
   ...........................................................
   ...........................................................
   ...........................................................
   ...........................................................
   ...........................................................
   ...........................................................
   ...........................................................
   ...........................................................
   ...........................................................
   ...........................................................
   ...........................................................
   ...........................................................
   ...........................................................
   ...........................................................
   ...........................................................
   ...........................................................
   ...........................................................
   ...........................................................
   ...........................................................
   ...........................................................
   ...........................................................
   ...........................................................
   ...........................................................
   ...........................................................
   ...........................................................
   ...........................................................
   ...........................................................
   ...........................................................
   ...........................................................
   ...........................................................
   ...........................................................
   ...........................................................
   ...........................................................
   ...........................................................
   ...........................................................
   ...........................................................
   ...........................................................
   ...........................................................
   ...........................................................
   ...........................................................
   ...........................................................
   ...........................................................
   ...........................................................
   ...........................................................
   ...........................................................
   ...........................................................
   ...........................................................
   ...........................................................
   ...........................................................
   ...........................................................
   ...........................................................
   ...........................................................
   ...........................................................
   ...........................................................
   ...........................................................
   ...........................................................
   ...........................................................
   ...........................................................
   ...........................................................
   ...........................................................
   ...........................................................
   ...........................................................
   ...........................................................
   ...........................................................
   ...........................................................
   ...........................................................
   ...........................................................
   ...........................................................
   ...........................................................
   ...........................................................
   ...........................................................
   ...........................................................
   ...........................................................
   ...........................................................
   ...........................................................
   ...........................................................
   ...........................................................
   ...........................................................
   ...........................................................
   ...........................................................
   ...........................................................
   ...........................................................
   ...........................................................
   ...........................................................
   ...........................................................
   ...........................................................
   ...........................................................
   ...........................................................
   ...........................................................
   ...........................................................
   ...........................................................
   ...........................................................
   ...........................................................
   ...........................................................
   ...........................................................
   ...........................................................
   ...........................................................
   ...........................................................
   ...........................................................
   ...........................................................
   ...........................................................
   ...........................................................
   ...........................................................
   ...........................................................
   ...........................................................
   ...........................................................
   ...........................................................
   ...........................................................
   ...........................................................
   ...........................................................
   ...........................................................
   ...........................................................
   ...........................................................
   ...........................................................
   ...........................................................
   ...........................................................
   ...........................................................
   ...........................................................
   ...........................................................
   ...........................................................
   ...........................................................
   ...........................................................
   ...........................................................
   ...........................................................
   ...........................................................
   ...........................................................
   ...........................................................
   ...........................................................
   ...........................................................
   ...........................................................
   ...........................................................
   ...........................................................
   ...........................................................
   ...........................................................
   ...........................................................
   ...........................................................
   ...........................................................
   ...........................................................
   ...........................................................
   ...........................................................
   ...........................................................
   ...........................................................
   ...........................................................
   ...........................................................
   ...........................................................
   ...........................................................
   ...........................................................
   ...........................................................
   ...........................................................
   ...........................................................
   ...........................................................
   ...........................................................
   ...........................................................
   ...........................................................
   ...........................................................
   ...........................................................
   ...........................................................
   ...........................................................
   ...........................................................
   ...........................................................
   ...........................................................
   ...........................................................
   ...........................................................
   ...........................................................
   ...........................................................
   ...........................................................
   ...........................................................
   ...........................................................
   ...........................................................
   ...........................................................
   ...........................................................
   ...........................................................
   ...........................................................
   ...........................................................
   ...........................................................
   ...........................................................
   ...........................................................
   ...........................................................
   ...........................................................
   ...........................................................
   ...........................................................
   ...........................................................
   ...........................................................
   ...........................................................
   ...........................................................
   ...........................................................
   ...........................................................
   ...........................................................
   ...........................................................
   ...........................................................
   ...........................................................
   ...........................................................
   ...........................................................
   ...........................................................
   ...........................................................
   ...........................................................
   ...........................................................
   ...........................................................
   ...........................................................
   ...........................................................
   ...........................................................
   ...........................................................
   ...........................................................
   ...........................................................
   ...........................................................
   ...........................................................
   ...........................................................
   ...........................................................
   ...........................................................
   ...........................................................
   ...........................................................
   ...........................................................
   ...........................................................
   ...........................................................
   ...........................................................
   ...........................................................
   ...........................................................
   ...........................................................
   ...........................................................
   ...........................................................
   ...........................................................
   ...........................................................
   ...........................................................
   ...........................................................
   ...........................................................
   ...........................................................
   ...........................................................
   ...........................................................
   ...........................................................
   ...........................................................
   ...........................................................
   ...........................................................
   ...........................................................
   ...........................................................
   ...........................................................
   ...........................................................
   ...........................................................
   ...........................................................
   ...........................................................
   ...........................................................
   ...........................................................
   ...........................................................
   ...........................................................

Adding species:
   1. seq7      
   2. seq19     
   3. seq15     
   4. seq23     
   5. seq16     
   6. seq10     
   7. seq9      
   8. seq14     
   9. seq12     
  10. seq17     
  11. naive     
  12. seq28     
  13. seq1      
  14. seq6      
  15. seq5      
  16. seq29     
  17. seq25     
  18. seq8      
  19. seq2      
  20. seq18     
  21. seq27     
  22. seq20     
  23. seq24     
  24. seq22     
  25. seq11     
  26. seq3      
  27. seq21     
  28. seq13     
  29. seq26     
  30. seq4      

Doing global rearrangements on all trees tied for best
  !-----------------------------------------------------------!
   ...........................................................

Adding species:
   1. seq13     
   2. seq4      
   3. seq21     
   4. seq6      
   5. seq24     
   6. seq27     
   7. seq5      
   8. seq28     
   9. seq8      
  10. seq3      
  11. seq1      
  12. seq11     
  13. seq2      
  14. seq29     
  15. seq25     
  16. seq19     
  17. seq7      
  18. seq9      
  19. seq12     
  20. seq22     
  21. seq10     
  22. seq17     
  23. naive     
  24. seq26     
  25. seq20     
  26. seq14     
  27. seq23     
  28. seq16     
  29. seq15     
  30. seq18     

Doing global rearrangements on all trees tied for best
  !-----------------------------------------------------------!
   ...........................................................

Adding species:
   1. seq20     
   2. seq17     
   3. seq3      
   4. seq18     
   5. seq4      
   6. seq25     
   7. seq5      
   8. seq12     
   9. naive     
  10. seq8      
  11. seq29     
  12. seq14     
  13. seq15     
  14. seq27     
  15. seq28     
  16. seq2      
  17. seq16     
  18. seq10     
  19. seq7      
  20. seq24     
  21. seq26     
  22. seq11     
  23. seq1      
  24. seq19     
  25. seq23     
  26. seq22     
  27. seq9      
  28. seq21     
  29. seq13     
  30. seq6      

Doing global rearrangements on all trees tied for best
  !-----------------------------------------------------------!
   ...........................................................

Adding species:
   1. seq14     
   2. seq7      
   3. seq25     
   4. seq9      
   5. seq13     
   6. seq5      
   7. seq28     
   8. seq26     
   9. seq16     
  10. seq22     
  11. seq18     
  12. seq29     
  13. seq6      
  14. seq15     
  15. seq21     
  16. seq12     
  17. seq27     
  18. seq3      
  19. seq10     
  20. seq19     
  21. seq11     
  22. seq17     
  23. seq24     
  24. seq8      
  25. seq23     
  26. seq4      
  27. seq2      
  28. naive     
  29. seq1      
  30. seq20     

Doing global rearrangements on all trees tied for best
  !-----------------------------------------------------------!
   ...........................................................

Adding species:
   1. seq3      
   2. seq18     
   3. seq5      
   4. seq26     
   5. seq27     
   6. seq22     
   7. seq1      
   8. seq9      
   9. seq11     
  10. seq20     
  11. seq16     
  12. naive     
  13. seq21     
  14. seq29     
  15. seq19     
  16. seq7      
  17. seq8      
  18. seq10     
  19. seq25     
  20. seq17     
  21. seq24     
  22. seq14     
  23. seq4      
  24. seq15     
  25. seq28     
  26. seq23     
  27. seq13     
  28. seq6      
  29. seq2      
  30. seq12     

Doing global rearrangements on all trees tied for best
  !-----------------------------------------------------------!
   ...........................................................

Collapsing best trees
   .....................................................................

Output written to file "outfile"

Trees also written onto file "outtree"

Done.

