[2J[Hdnapars: can't find input file "infile"
Please enter a new file name> [2J[H
DNA parsimony algorithm, version 3.697

Setting for this run:
  U                 Search for best tree?  Yes
  S                        Search option?  More thorough search
  V              Number of trees to save?  10000
  J   Randomize input order of sequences?  No. Use input order
  O                        Outgroup root?  No, use as outgroup species  1
  T              Use Threshold parsimony?  No, use ordinary parsimony
  N           Use Transversion parsimony?  No, count all steps
  W                       Sites weighted?  No
  M           Analyze multiple data sets?  No
  I          Input sequences interleaved?  Yes
  0   Terminal type (IBM PC, ANSI, none)?  ANSI
  1    Print out the data at start of run  No
  2  Print indications of progress of run  Yes
  3                        Print out tree  Yes
  4          Print out steps in each site  No
  5  Print sequences at all nodes of tree  No
  6       Write out trees onto tree file?  Yes

  Y to accept these or type the letter for one to change

Random number seed (must be odd)?
Number of times to jumble?
[2J[H
DNA parsimony algorithm, version 3.697

Setting for this run:
  U                 Search for best tree?  Yes
  S                        Search option?  More thorough search
  V              Number of trees to save?  10000
  J   Randomize input order of sequences?  Yes (seed = 1428751, 10 times)
  O                        Outgroup root?  No, use as outgroup species  1
  T              Use Threshold parsimony?  No, use ordinary parsimony
  N           Use Transversion parsimony?  No, count all steps
  W                       Sites weighted?  No
  M           Analyze multiple data sets?  No
  I          Input sequences interleaved?  Yes
  0   Terminal type (IBM PC, ANSI, none)?  ANSI
  1    Print out the data at start of run  No
  2  Print indications of progress of run  Yes
  3                        Print out tree  Yes
  4          Print out steps in each site  No
  5  Print sequences at all nodes of tree  No
  6       Write out trees onto tree file?  Yes

  Y to accept these or type the letter for one to change
Type number of the outgroup:
[2J[H
DNA parsimony algorithm, version 3.697

Setting for this run:
  U                 Search for best tree?  Yes
  S                        Search option?  More thorough search
  V              Number of trees to save?  10000
  J   Randomize input order of sequences?  Yes (seed = 1428751, 10 times)
  O                        Outgroup root?  Yes, at sequence number  1
  T              Use Threshold parsimony?  No, use ordinary parsimony
  N           Use Transversion parsimony?  No, count all steps
  W                       Sites weighted?  No
  M           Analyze multiple data sets?  No
  I          Input sequences interleaved?  Yes
  0   Terminal type (IBM PC, ANSI, none)?  ANSI
  1    Print out the data at start of run  No
  2  Print indications of progress of run  Yes
  3                        Print out tree  Yes
  4          Print out steps in each site  No
  5  Print sequences at all nodes of tree  No
  6       Write out trees onto tree file?  Yes

  Y to accept these or type the letter for one to change
[2J[H
DNA parsimony algorithm, version 3.697

Setting for this run:
  U                 Search for best tree?  Yes
  S                        Search option?  More thorough search
  V              Number of trees to save?  10000
  J   Randomize input order of sequences?  Yes (seed = 1428751, 10 times)
  O                        Outgroup root?  Yes, at sequence number  1
  T              Use Threshold parsimony?  No, use ordinary parsimony
  N           Use Transversion parsimony?  No, count all steps
  W                       Sites weighted?  No
  M           Analyze multiple data sets?  No
  I          Input sequences interleaved?  Yes
  0   Terminal type (IBM PC, ANSI, none)?  ANSI
  1    Print out the data at start of run  No
  2  Print indications of progress of run  Yes
  3                        Print out tree  Yes
  4          Print out steps in each site  Yes
  5  Print sequences at all nodes of tree  No
  6       Write out trees onto tree file?  Yes

  Y to accept these or type the letter for one to change
[2J[H
DNA parsimony algorithm, version 3.697

Setting for this run:
  U                 Search for best tree?  Yes
  S                        Search option?  More thorough search
  V              Number of trees to save?  10000
  J   Randomize input order of sequences?  Yes (seed = 1428751, 10 times)
  O                        Outgroup root?  Yes, at sequence number  1
  T              Use Threshold parsimony?  No, use ordinary parsimony
  N           Use Transversion parsimony?  No, count all steps
  W                       Sites weighted?  No
  M           Analyze multiple data sets?  No
  I          Input sequences interleaved?  Yes
  0   Terminal type (IBM PC, ANSI, none)?  ANSI
  1    Print out the data at start of run  No
  2  Print indications of progress of run  Yes
  3                        Print out tree  Yes
  4          Print out steps in each site  Yes
  5  Print sequences at all nodes of tree  Yes
  .  Use dot-differencing to display them  Yes
  6       Write out trees onto tree file?  Yes

  Y to accept these or type the letter for one to change
[2J[H
DNA parsimony algorithm, version 3.697

Setting for this run:
  U                 Search for best tree?  Yes
  S                        Search option?  More thorough search
  V              Number of trees to save?  10000
  J   Randomize input order of sequences?  Yes (seed = 1428751, 10 times)
  O                        Outgroup root?  Yes, at sequence number  1
  T              Use Threshold parsimony?  No, use ordinary parsimony
  N           Use Transversion parsimony?  No, count all steps
  W                       Sites weighted?  No
  M           Analyze multiple data sets?  No
  I          Input sequences interleaved?  Yes
  0   Terminal type (IBM PC, ANSI, none)?  ANSI
  1    Print out the data at start of run  No
  2  Print indications of progress of run  Yes
  3                        Print out tree  Yes
  4          Print out steps in each site  Yes
  5  Print sequences at all nodes of tree  Yes
  .  Use dot-differencing to display them  No
  6       Write out trees onto tree file?  Yes

  Y to accept these or type the letter for one to change
Adding species:
   1. seq15     
   2. seq4      
   3. seq8      
   4. seq7      
   5. seq6      
   6. seq13     
   7. seq12     
   8. seq5      
   9. naive     
  10. seq1      
  11. seq10     
  12. seq3      
  13. seq2      
  14. seq9      
  15. seq14     
  16. seq11     

Doing global rearrangements on all trees tied for best
  !-------------------------------!
   ...............................
   ...............................

Adding species:
   1. seq10     
   2. seq8      
   3. seq15     
   4. seq3      
   5. seq12     
   6. seq13     
   7. seq14     
   8. seq7      
   9. seq5      
  10. seq1      
  11. seq9      
  12. seq4      
  13. seq6      
  14. seq11     
  15. seq2      
  16. naive     

Doing global rearrangements on all trees tied for best
  !-------------------------------!
   ...............................

Adding species:
   1. seq10     
   2. seq11     
   3. seq5      
   4. seq9      
   5. seq4      
   6. seq6      
   7. seq12     
   8. seq15     
   9. naive     
  10. seq1      
  11. seq8      
  12. seq2      
  13. seq7      
  14. seq3      
  15. seq14     
  16. seq13     

Doing global rearrangements on all trees tied for best
  !-------------------------------!
   ...............................

Adding species:
   1. seq5      
   2. seq10     
   3. seq8      
   4. seq1      
   5. seq7      
   6. seq14     
   7. seq13     
   8. seq2      
   9. seq6      
  10. naive     
  11. seq11     
  12. seq3      
  13. seq4      
  14. seq12     
  15. seq15     
  16. seq9      

Doing global rearrangements on all trees tied for best
  !-------------------------------!
   ...............................

Adding species:
   1. seq10     
   2. seq9      
   3. seq11     
   4. seq7      
   5. seq12     
   6. seq8      
   7. seq4      
   8. seq13     
   9. naive     
  10. seq3      
  11. seq14     
  12. seq2      
  13. seq6      
  14. seq15     
  15. seq5      
  16. seq1      

Doing global rearrangements on all trees tied for best
  !-------------------------------!
   ...............................

Adding species:
   1. seq7      
   2. seq15     
   3. seq4      
   4. seq1      
   5. seq12     
   6. seq3      
   7. seq10     
   8. seq2      
   9. seq6      
  10. seq14     
  11. seq8      
  12. naive     
  13. seq5      
  14. seq13     
  15. seq11     
  16. seq9      

Doing global rearrangements on all trees tied for best
  !-------------------------------!
   ...............................

Adding species:
   1. seq6      
   2. seq3      
   3. seq9      
   4. seq8      
   5. seq13     
   6. seq15     
   7. seq14     
   8. seq2      
   9. seq4      
  10. seq7      
  11. seq11     
  12. seq1      
  13. seq12     
  14. naive     
  15. seq5      
  16. seq10     

Doing global rearrangements on all trees tied for best
  !-------------------------------!
   ...............................

Adding species:
   1. seq5      
   2. seq9      
   3. seq3      
   4. seq6      
   5. naive     
   6. seq2      
   7. seq15     
   8. seq7      
   9. seq10     
  10. seq13     
  11. seq11     
  12. seq14     
  13. seq1      
  14. seq4      
  15. seq8      
  16. seq12     

Doing global rearrangements on all trees tied for best
  !-------------------------------!
   ...............................

Adding species:
   1. seq9      
   2. seq7      
   3. seq8      
   4. seq14     
   5. seq15     
   6. seq2      
   7. naive     
   8. seq13     
   9. seq12     
  10. seq3      
  11. seq1      
  12. seq4      
  13. seq5      
  14. seq11     
  15. seq10     
  16. seq6      

Doing global rearrangements on all trees tied for best
  !-------------------------------!
   ...............................

Adding species:
   1. seq7      
   2. seq1      
   3. naive     
   4. seq9      
   5. seq14     
   6. seq4      
   7. seq11     
   8. seq6      
   9. seq15     
  10. seq12     
  11. seq5      
  12. seq13     
  13. seq3      
  14. seq10     
  15. seq2      
  16. seq8      

Doing global rearrangements on all trees tied for best
  !-------------------------------!
   ...............................

Collapsing best trees
   .

Output written to file "outfile"

Tree also written onto file "outtree"

Done.

