[2J[Hdnapars: can't find input file "infile"
Please enter a new file name> [2J[H
DNA parsimony algorithm, version 3.697

Setting for this run:
  U                 Search for best tree?  Yes
  S                        Search option?  More thorough search
  V              Number of trees to save?  10000
  J   Randomize input order of sequences?  No. Use input order
  O                        Outgroup root?  No, use as outgroup species  1
  T              Use Threshold parsimony?  No, use ordinary parsimony
  N           Use Transversion parsimony?  No, count all steps
  W                       Sites weighted?  No
  M           Analyze multiple data sets?  No
  I          Input sequences interleaved?  Yes
  0   Terminal type (IBM PC, ANSI, none)?  ANSI
  1    Print out the data at start of run  No
  2  Print indications of progress of run  Yes
  3                        Print out tree  Yes
  4          Print out steps in each site  No
  5  Print sequences at all nodes of tree  No
  6       Write out trees onto tree file?  Yes

  Y to accept these or type the letter for one to change

Random number seed (must be odd)?
Number of times to jumble?
[2J[H
DNA parsimony algorithm, version 3.697

Setting for this run:
  U                 Search for best tree?  Yes
  S                        Search option?  More thorough search
  V              Number of trees to save?  10000
  J   Randomize input order of sequences?  Yes (seed = 1009191, 10 times)
  O                        Outgroup root?  No, use as outgroup species  1
  T              Use Threshold parsimony?  No, use ordinary parsimony
  N           Use Transversion parsimony?  No, count all steps
  W                       Sites weighted?  No
  M           Analyze multiple data sets?  No
  I          Input sequences interleaved?  Yes
  0   Terminal type (IBM PC, ANSI, none)?  ANSI
  1    Print out the data at start of run  No
  2  Print indications of progress of run  Yes
  3                        Print out tree  Yes
  4          Print out steps in each site  No
  5  Print sequences at all nodes of tree  No
  6       Write out trees onto tree file?  Yes

  Y to accept these or type the letter for one to change
Type number of the outgroup:
[2J[H
DNA parsimony algorithm, version 3.697

Setting for this run:
  U                 Search for best tree?  Yes
  S                        Search option?  More thorough search
  V              Number of trees to save?  10000
  J   Randomize input order of sequences?  Yes (seed = 1009191, 10 times)
  O                        Outgroup root?  Yes, at sequence number  1
  T              Use Threshold parsimony?  No, use ordinary parsimony
  N           Use Transversion parsimony?  No, count all steps
  W                       Sites weighted?  No
  M           Analyze multiple data sets?  No
  I          Input sequences interleaved?  Yes
  0   Terminal type (IBM PC, ANSI, none)?  ANSI
  1    Print out the data at start of run  No
  2  Print indications of progress of run  Yes
  3                        Print out tree  Yes
  4          Print out steps in each site  No
  5  Print sequences at all nodes of tree  No
  6       Write out trees onto tree file?  Yes

  Y to accept these or type the letter for one to change
[2J[H
DNA parsimony algorithm, version 3.697

Setting for this run:
  U                 Search for best tree?  Yes
  S                        Search option?  More thorough search
  V              Number of trees to save?  10000
  J   Randomize input order of sequences?  Yes (seed = 1009191, 10 times)
  O                        Outgroup root?  Yes, at sequence number  1
  T              Use Threshold parsimony?  No, use ordinary parsimony
  N           Use Transversion parsimony?  No, count all steps
  W                       Sites weighted?  No
  M           Analyze multiple data sets?  No
  I          Input sequences interleaved?  Yes
  0   Terminal type (IBM PC, ANSI, none)?  ANSI
  1    Print out the data at start of run  No
  2  Print indications of progress of run  Yes
  3                        Print out tree  Yes
  4          Print out steps in each site  Yes
  5  Print sequences at all nodes of tree  No
  6       Write out trees onto tree file?  Yes

  Y to accept these or type the letter for one to change
[2J[H
DNA parsimony algorithm, version 3.697

Setting for this run:
  U                 Search for best tree?  Yes
  S                        Search option?  More thorough search
  V              Number of trees to save?  10000
  J   Randomize input order of sequences?  Yes (seed = 1009191, 10 times)
  O                        Outgroup root?  Yes, at sequence number  1
  T              Use Threshold parsimony?  No, use ordinary parsimony
  N           Use Transversion parsimony?  No, count all steps
  W                       Sites weighted?  No
  M           Analyze multiple data sets?  No
  I          Input sequences interleaved?  Yes
  0   Terminal type (IBM PC, ANSI, none)?  ANSI
  1    Print out the data at start of run  No
  2  Print indications of progress of run  Yes
  3                        Print out tree  Yes
  4          Print out steps in each site  Yes
  5  Print sequences at all nodes of tree  Yes
  .  Use dot-differencing to display them  Yes
  6       Write out trees onto tree file?  Yes

  Y to accept these or type the letter for one to change
[2J[H
DNA parsimony algorithm, version 3.697

Setting for this run:
  U                 Search for best tree?  Yes
  S                        Search option?  More thorough search
  V              Number of trees to save?  10000
  J   Randomize input order of sequences?  Yes (seed = 1009191, 10 times)
  O                        Outgroup root?  Yes, at sequence number  1
  T              Use Threshold parsimony?  No, use ordinary parsimony
  N           Use Transversion parsimony?  No, count all steps
  W                       Sites weighted?  No
  M           Analyze multiple data sets?  No
  I          Input sequences interleaved?  Yes
  0   Terminal type (IBM PC, ANSI, none)?  ANSI
  1    Print out the data at start of run  No
  2  Print indications of progress of run  Yes
  3                        Print out tree  Yes
  4          Print out steps in each site  Yes
  5  Print sequences at all nodes of tree  Yes
  .  Use dot-differencing to display them  No
  6       Write out trees onto tree file?  Yes

  Y to accept these or type the letter for one to change
Adding species:
   1. seq17     
   2. seq15     
   3. seq19     
   4. seq14     
   5. seq6      
   6. seq9      
   7. seq8      
   8. seq12     
   9. germline  
  10. seq18     
  11. seq13     
  12. seq4      
  13. seq3      
  14. seq1      
  15. seq16     
  16. seq2      
  17. seq20     
  18. seq5      
  19. seq10     
  20. seq7      
  21. seq11     

Doing global rearrangements on all trees tied for best
  !-----------------------------------------!
   .........................................
   .........................................
   .........................................
   .........................................
   .........................................
   .........................................
   .........................................

Adding species:
   1. seq14     
   2. seq2      
   3. seq11     
   4. seq13     
   5. seq9      
   6. seq3      
   7. seq5      
   8. seq17     
   9. seq8      
  10. seq1      
  11. seq12     
  12. seq6      
  13. seq15     
  14. seq7      
  15. seq10     
  16. germline  
  17. seq19     
  18. seq16     
  19. seq20     
  20. seq4      
  21. seq18     

Doing global rearrangements on all trees tied for best
  !-----------------------------------------!
   .........................................
   .........................................
   .........................................
   .........................................
   .........................................
   .........................................
   .........................................
   .........................................
   .........................................
   .........................................
   .........................................
   .........................................
   .........................................
   .........................................
   .........................................
   .........................................
   .........................................
   .........................................
   .........................................
   .........................................
   .........................................
   .........................................
   .........................................
   .........................................
   .........................................
   .........................................
   .........................................
   .........................................
   .........................................
   .........................................
   .........................................
   .........................................
   .........................................
   .........................................
   .........................................
   .........................................
   .........................................
   .........................................
   .........................................
   .........................................
   .........................................
   .........................................
   .........................................
   .........................................
   .........................................
   .........................................
   .........................................
   .........................................
   .........................................
   .........................................
   .........................................
   .........................................
   .........................................
   .........................................
   .........................................
   .........................................
   .........................................
   .........................................
   .........................................
   .........................................
   .........................................
   .........................................
   .........................................
   .........................................
   .........................................
   .........................................
   .........................................
   .........................................
   .........................................
   .........................................
   .........................................
   .........................................
   .........................................
   .........................................
   .........................................
   .........................................
   .........................................
   .........................................
   .........................................
   .........................................
   .........................................
   .........................................
   .........................................
   .........................................
   .........................................
   .........................................
   .........................................
   .........................................
   .........................................
   .........................................
   .........................................
   .........................................
   .........................................
   .........................................
   .........................................
   .........................................
   .........................................
   .........................................
   .........................................
   .........................................
   .........................................
   .........................................
   .........................................
   .........................................
   .........................................
   .........................................
   .........................................
   .........................................
   .........................................
   .........................................
   .........................................
   .........................................

Adding species:
   1. seq15     
   2. seq14     
   3. seq20     
   4. seq11     
   5. seq13     
   6. seq12     
   7. seq17     
   8. seq9      
   9. germline  
  10. seq8      
  11. seq4      
  12. seq16     
  13. seq7      
  14. seq18     
  15. seq6      
  16. seq10     
  17. seq2      
  18. seq19     
  19. seq1      
  20. seq5      
  21. seq3      

Doing global rearrangements on all trees tied for best
  !-----------------------------------------!
   .........................................

Adding species:
   1. seq18     
   2. seq1      
   3. seq14     
   4. seq16     
   5. seq2      
   6. seq13     
   7. seq9      
   8. seq5      
   9. seq3      
  10. seq10     
  11. seq11     
  12. seq19     
  13. seq20     
  14. seq12     
  15. germline  
  16. seq17     
  17. seq4      
  18. seq6      
  19. seq8      
  20. seq7      
  21. seq15     

Doing global rearrangements on all trees tied for best
  !-----------------------------------------!
   .........................................
   .........................................

Adding species:
   1. seq18     
   2. seq12     
   3. seq4      
   4. seq6      
   5. seq14     
   6. seq3      
   7. germline  
   8. seq17     
   9. seq20     
  10. seq8      
  11. seq13     
  12. seq1      
  13. seq9      
  14. seq19     
  15. seq11     
  16. seq2      
  17. seq10     
  18. seq5      
  19. seq7      
  20. seq15     
  21. seq16     

Doing global rearrangements on all trees tied for best
  !-----------------------------------------!
   .........................................

Adding species:
   1. seq14     
   2. seq2      
   3. seq15     
   4. seq20     
   5. seq5      
   6. seq1      
   7. seq6      
   8. seq10     
   9. seq12     
  10. seq8      
  11. seq18     
  12. seq16     
  13. seq19     
  14. seq4      
  15. seq17     
  16. germline  
  17. seq11     
  18. seq7      
  19. seq9      
  20. seq3      
  21. seq13     

Doing global rearrangements on all trees tied for best
  !-----------------------------------------!
   .........................................
   .........................................
   .........................................
   .........................................
   .........................................
   .........................................
   .........................................
   .........................................
   .........................................
   .........................................
   .........................................
   .........................................

Adding species:
   1. seq1      
   2. seq6      
   3. seq15     
   4. germline  
   5. seq19     
   6. seq12     
   7. seq3      
   8. seq7      
   9. seq16     
  10. seq11     
  11. seq10     
  12. seq8      
  13. seq17     
  14. seq14     
  15. seq20     
  16. seq18     
  17. seq5      
  18. seq2      
  19. seq13     
  20. seq4      
  21. seq9      

Doing global rearrangements on all trees tied for best
  !-----------------------------------------!
   .........................................
   .........................................
   .........................................

Adding species:
   1. seq3      
   2. seq7      
   3. seq10     
   4. seq13     
   5. seq8      
   6. seq19     
   7. seq1      
   8. seq15     
   9. seq16     
  10. seq18     
  11. seq20     
  12. seq17     
  13. seq14     
  14. seq4      
  15. seq11     
  16. seq9      
  17. seq5      
  18. seq2      
  19. germline  
  20. seq12     
  21. seq6      

Doing global rearrangements on all trees tied for best
  !-----------------------------------------!
   .........................................
   .........................................

Adding species:
   1. seq19     
   2. seq7      
   3. seq1      
   4. seq11     
   5. seq13     
   6. seq15     
   7. seq6      
   8. seq2      
   9. seq8      
  10. seq16     
  11. seq14     
  12. seq3      
  13. seq5      
  14. germline  
  15. seq17     
  16. seq4      
  17. seq18     
  18. seq10     
  19. seq9      
  20. seq20     
  21. seq12     

Doing global rearrangements on all trees tied for best
  !-----------------------------------------!
   .........................................
   .........................................
   .........................................
   .........................................
   .........................................
   .........................................
   .........................................
   .........................................
   .........................................

Adding species:
   1. seq15     
   2. seq17     
   3. seq5      
   4. seq2      
   5. seq8      
   6. seq13     
   7. seq11     
   8. seq4      
   9. seq16     
  10. germline  
  11. seq14     
  12. seq6      
  13. seq9      
  14. seq18     
  15. seq10     
  16. seq7      
  17. seq19     
  18. seq3      
  19. seq20     
  20. seq1      
  21. seq12     

Doing global rearrangements on all trees tied for best
  !-----------------------------------------!
   .........................................
   .........................................
   .........................................
   .........................................
   .........................................
   .........................................
   .........................................
   .........................................
   .........................................
   .........................................
   .........................................
   .........................................

Collapsing best trees
   ..................................................

Output written to file "outfile"

Trees also written onto file "outtree"

Done.

