[2J[Hdnapars: can't find input file "infile"
Please enter a new file name> [2J[H
DNA parsimony algorithm, version 3.697

Setting for this run:
  U                 Search for best tree?  Yes
  S                        Search option?  More thorough search
  V              Number of trees to save?  10000
  J   Randomize input order of sequences?  No. Use input order
  O                        Outgroup root?  No, use as outgroup species  1
  T              Use Threshold parsimony?  No, use ordinary parsimony
  N           Use Transversion parsimony?  No, count all steps
  W                       Sites weighted?  No
  M           Analyze multiple data sets?  No
  I          Input sequences interleaved?  Yes
  0   Terminal type (IBM PC, ANSI, none)?  ANSI
  1    Print out the data at start of run  No
  2  Print indications of progress of run  Yes
  3                        Print out tree  Yes
  4          Print out steps in each site  No
  5  Print sequences at all nodes of tree  No
  6       Write out trees onto tree file?  Yes

  Y to accept these or type the letter for one to change

Random number seed (must be odd)?
Number of times to jumble?
[2J[H
DNA parsimony algorithm, version 3.697

Setting for this run:
  U                 Search for best tree?  Yes
  S                        Search option?  More thorough search
  V              Number of trees to save?  10000
  J   Randomize input order of sequences?  Yes (seed = 1887599, 10 times)
  O                        Outgroup root?  No, use as outgroup species  1
  T              Use Threshold parsimony?  No, use ordinary parsimony
  N           Use Transversion parsimony?  No, count all steps
  W                       Sites weighted?  No
  M           Analyze multiple data sets?  No
  I          Input sequences interleaved?  Yes
  0   Terminal type (IBM PC, ANSI, none)?  ANSI
  1    Print out the data at start of run  No
  2  Print indications of progress of run  Yes
  3                        Print out tree  Yes
  4          Print out steps in each site  No
  5  Print sequences at all nodes of tree  No
  6       Write out trees onto tree file?  Yes

  Y to accept these or type the letter for one to change
Type number of the outgroup:
[2J[H
DNA parsimony algorithm, version 3.697

Setting for this run:
  U                 Search for best tree?  Yes
  S                        Search option?  More thorough search
  V              Number of trees to save?  10000
  J   Randomize input order of sequences?  Yes (seed = 1887599, 10 times)
  O                        Outgroup root?  Yes, at sequence number  1
  T              Use Threshold parsimony?  No, use ordinary parsimony
  N           Use Transversion parsimony?  No, count all steps
  W                       Sites weighted?  No
  M           Analyze multiple data sets?  No
  I          Input sequences interleaved?  Yes
  0   Terminal type (IBM PC, ANSI, none)?  ANSI
  1    Print out the data at start of run  No
  2  Print indications of progress of run  Yes
  3                        Print out tree  Yes
  4          Print out steps in each site  No
  5  Print sequences at all nodes of tree  No
  6       Write out trees onto tree file?  Yes

  Y to accept these or type the letter for one to change
[2J[H
DNA parsimony algorithm, version 3.697

Setting for this run:
  U                 Search for best tree?  Yes
  S                        Search option?  More thorough search
  V              Number of trees to save?  10000
  J   Randomize input order of sequences?  Yes (seed = 1887599, 10 times)
  O                        Outgroup root?  Yes, at sequence number  1
  T              Use Threshold parsimony?  No, use ordinary parsimony
  N           Use Transversion parsimony?  No, count all steps
  W                       Sites weighted?  No
  M           Analyze multiple data sets?  No
  I          Input sequences interleaved?  Yes
  0   Terminal type (IBM PC, ANSI, none)?  ANSI
  1    Print out the data at start of run  No
  2  Print indications of progress of run  Yes
  3                        Print out tree  Yes
  4          Print out steps in each site  Yes
  5  Print sequences at all nodes of tree  No
  6       Write out trees onto tree file?  Yes

  Y to accept these or type the letter for one to change
[2J[H
DNA parsimony algorithm, version 3.697

Setting for this run:
  U                 Search for best tree?  Yes
  S                        Search option?  More thorough search
  V              Number of trees to save?  10000
  J   Randomize input order of sequences?  Yes (seed = 1887599, 10 times)
  O                        Outgroup root?  Yes, at sequence number  1
  T              Use Threshold parsimony?  No, use ordinary parsimony
  N           Use Transversion parsimony?  No, count all steps
  W                       Sites weighted?  No
  M           Analyze multiple data sets?  No
  I          Input sequences interleaved?  Yes
  0   Terminal type (IBM PC, ANSI, none)?  ANSI
  1    Print out the data at start of run  No
  2  Print indications of progress of run  Yes
  3                        Print out tree  Yes
  4          Print out steps in each site  Yes
  5  Print sequences at all nodes of tree  Yes
  .  Use dot-differencing to display them  Yes
  6       Write out trees onto tree file?  Yes

  Y to accept these or type the letter for one to change
[2J[H
DNA parsimony algorithm, version 3.697

Setting for this run:
  U                 Search for best tree?  Yes
  S                        Search option?  More thorough search
  V              Number of trees to save?  10000
  J   Randomize input order of sequences?  Yes (seed = 1887599, 10 times)
  O                        Outgroup root?  Yes, at sequence number  1
  T              Use Threshold parsimony?  No, use ordinary parsimony
  N           Use Transversion parsimony?  No, count all steps
  W                       Sites weighted?  No
  M           Analyze multiple data sets?  No
  I          Input sequences interleaved?  Yes
  0   Terminal type (IBM PC, ANSI, none)?  ANSI
  1    Print out the data at start of run  No
  2  Print indications of progress of run  Yes
  3                        Print out tree  Yes
  4          Print out steps in each site  Yes
  5  Print sequences at all nodes of tree  Yes
  .  Use dot-differencing to display them  No
  6       Write out trees onto tree file?  Yes

  Y to accept these or type the letter for one to change
Adding species:
   1. seq10     
   2. seq17     
   3. seq20     
   4. seq14     
   5. seq18     
   6. seq2      
   7. seq4      
   8. seq9      
   9. seq19     
  10. seq11     
  11. seq6      
  12. seq1      
  13. seq16     
  14. seq13     
  15. seq15     
  16. seq12     
  17. seq7      
  18. seq8      
  19. seq3      
  20. seq5      
  21. ighv      

Doing global rearrangements on all trees tied for best
  !-----------------------------------------!
   .........................................
   .........................................
   .........................................

Adding species:
   1. seq16     
   2. seq2      
   3. seq14     
   4. seq15     
   5. seq17     
   6. seq4      
   7. seq11     
   8. seq10     
   9. seq8      
  10. seq6      
  11. seq20     
  12. seq7      
  13. seq1      
  14. seq12     
  15. seq9      
  16. seq3      
  17. seq5      
  18. seq18     
  19. seq19     
  20. ighv      
  21. seq13     

Doing global rearrangements on all trees tied for best
  !-----------------------------------------!
   .........................................

Adding species:
   1. seq17     
   2. seq19     
   3. seq14     
   4. seq4      
   5. seq16     
   6. seq10     
   7. seq7      
   8. seq15     
   9. seq11     
  10. seq6      
  11. seq20     
  12. seq13     
  13. seq1      
  14. seq18     
  15. seq5      
  16. seq12     
  17. seq8      
  18. ighv      
  19. seq9      
  20. seq2      
  21. seq3      

Doing global rearrangements on all trees tied for best
  !-----------------------------------------!
   .........................................

Adding species:
   1. seq9      
   2. seq5      
   3. seq2      
   4. seq15     
   5. seq16     
   6. seq14     
   7. seq20     
   8. seq19     
   9. seq10     
  10. seq6      
  11. seq13     
  12. seq1      
  13. seq3      
  14. seq17     
  15. seq12     
  16. seq4      
  17. seq18     
  18. seq11     
  19. seq7      
  20. seq8      
  21. ighv      

Doing global rearrangements on all trees tied for best
  !-----------------------------------------!
   .........................................

Adding species:
   1. seq12     
   2. seq3      
   3. seq11     
   4. seq20     
   5. seq10     
   6. seq4      
   7. seq19     
   8. seq9      
   9. seq6      
  10. seq7      
  11. seq8      
  12. seq17     
  13. seq1      
  14. ighv      
  15. seq16     
  16. seq14     
  17. seq5      
  18. seq13     
  19. seq2      
  20. seq18     
  21. seq15     

Doing global rearrangements on all trees tied for best
  !-----------------------------------------!
   .........................................

Adding species:
   1. seq12     
   2. seq4      
   3. seq11     
   4. seq7      
   5. seq6      
   6. seq5      
   7. seq8      
   8. seq13     
   9. ighv      
  10. seq3      
  11. seq17     
  12. seq19     
  13. seq14     
  14. seq15     
  15. seq16     
  16. seq20     
  17. seq10     
  18. seq1      
  19. seq2      
  20. seq9      
  21. seq18     

Doing global rearrangements on all trees tied for best
  !-----------------------------------------!
   .........................................

Adding species:
   1. seq1      
   2. seq20     
   3. seq9      
   4. seq2      
   5. ighv      
   6. seq13     
   7. seq5      
   8. seq19     
   9. seq10     
  10. seq3      
  11. seq17     
  12. seq11     
  13. seq12     
  14. seq8      
  15. seq16     
  16. seq4      
  17. seq15     
  18. seq18     
  19. seq7      
  20. seq6      
  21. seq14     

Doing global rearrangements on all trees tied for best
  !-----------------------------------------!
   .........................................
   .........................................

Adding species:
   1. seq10     
   2. seq16     
   3. seq9      
   4. seq19     
   5. ighv      
   6. seq13     
   7. seq15     
   8. seq6      
   9. seq18     
  10. seq11     
  11. seq1      
  12. seq7      
  13. seq8      
  14. seq3      
  15. seq5      
  16. seq14     
  17. seq20     
  18. seq12     
  19. seq2      
  20. seq4      
  21. seq17     

Doing global rearrangements on all trees tied for best
  !-----------------------------------------!
   .........................................

Adding species:
   1. seq8      
   2. seq1      
   3. seq3      
   4. seq2      
   5. seq9      
   6. seq14     
   7. seq20     
   8. seq19     
   9. seq16     
  10. seq6      
  11. seq12     
  12. seq7      
  13. ighv      
  14. seq5      
  15. seq13     
  16. seq18     
  17. seq4      
  18. seq15     
  19. seq10     
  20. seq11     
  21. seq17     

Doing global rearrangements on all trees tied for best
  !-----------------------------------------!
   .........................................

Adding species:
   1. seq6      
   2. seq14     
   3. seq11     
   4. seq3      
   5. seq9      
   6. seq8      
   7. seq4      
   8. seq10     
   9. seq7      
  10. ighv      
  11. seq19     
  12. seq1      
  13. seq18     
  14. seq2      
  15. seq15     
  16. seq16     
  17. seq5      
  18. seq13     
  19. seq20     
  20. seq12     
  21. seq17     

Doing global rearrangements on all trees tied for best
  !-----------------------------------------!
   .........................................

Collapsing best trees
   ...

Output written to file "outfile"

Trees also written onto file "outtree"

Done.

