[2J[Hdnapars: can't find input file "infile"
Please enter a new file name> [2J[H
DNA parsimony algorithm, version 3.697

Setting for this run:
  U                 Search for best tree?  Yes
  S                        Search option?  More thorough search
  V              Number of trees to save?  10000
  J   Randomize input order of sequences?  No. Use input order
  O                        Outgroup root?  No, use as outgroup species  1
  T              Use Threshold parsimony?  No, use ordinary parsimony
  N           Use Transversion parsimony?  No, count all steps
  W                       Sites weighted?  No
  M           Analyze multiple data sets?  No
  I          Input sequences interleaved?  Yes
  0   Terminal type (IBM PC, ANSI, none)?  ANSI
  1    Print out the data at start of run  No
  2  Print indications of progress of run  Yes
  3                        Print out tree  Yes
  4          Print out steps in each site  No
  5  Print sequences at all nodes of tree  No
  6       Write out trees onto tree file?  Yes

  Y to accept these or type the letter for one to change

Random number seed (must be odd)?
Number of times to jumble?
[2J[H
DNA parsimony algorithm, version 3.697

Setting for this run:
  U                 Search for best tree?  Yes
  S                        Search option?  More thorough search
  V              Number of trees to save?  10000
  J   Randomize input order of sequences?  Yes (seed =  313145, 10 times)
  O                        Outgroup root?  No, use as outgroup species  1
  T              Use Threshold parsimony?  No, use ordinary parsimony
  N           Use Transversion parsimony?  No, count all steps
  W                       Sites weighted?  No
  M           Analyze multiple data sets?  No
  I          Input sequences interleaved?  Yes
  0   Terminal type (IBM PC, ANSI, none)?  ANSI
  1    Print out the data at start of run  No
  2  Print indications of progress of run  Yes
  3                        Print out tree  Yes
  4          Print out steps in each site  No
  5  Print sequences at all nodes of tree  No
  6       Write out trees onto tree file?  Yes

  Y to accept these or type the letter for one to change
Type number of the outgroup:
[2J[H
DNA parsimony algorithm, version 3.697

Setting for this run:
  U                 Search for best tree?  Yes
  S                        Search option?  More thorough search
  V              Number of trees to save?  10000
  J   Randomize input order of sequences?  Yes (seed =  313145, 10 times)
  O                        Outgroup root?  Yes, at sequence number  1
  T              Use Threshold parsimony?  No, use ordinary parsimony
  N           Use Transversion parsimony?  No, count all steps
  W                       Sites weighted?  No
  M           Analyze multiple data sets?  No
  I          Input sequences interleaved?  Yes
  0   Terminal type (IBM PC, ANSI, none)?  ANSI
  1    Print out the data at start of run  No
  2  Print indications of progress of run  Yes
  3                        Print out tree  Yes
  4          Print out steps in each site  No
  5  Print sequences at all nodes of tree  No
  6       Write out trees onto tree file?  Yes

  Y to accept these or type the letter for one to change
[2J[H
DNA parsimony algorithm, version 3.697

Setting for this run:
  U                 Search for best tree?  Yes
  S                        Search option?  More thorough search
  V              Number of trees to save?  10000
  J   Randomize input order of sequences?  Yes (seed =  313145, 10 times)
  O                        Outgroup root?  Yes, at sequence number  1
  T              Use Threshold parsimony?  No, use ordinary parsimony
  N           Use Transversion parsimony?  No, count all steps
  W                       Sites weighted?  No
  M           Analyze multiple data sets?  No
  I          Input sequences interleaved?  Yes
  0   Terminal type (IBM PC, ANSI, none)?  ANSI
  1    Print out the data at start of run  No
  2  Print indications of progress of run  Yes
  3                        Print out tree  Yes
  4          Print out steps in each site  Yes
  5  Print sequences at all nodes of tree  No
  6       Write out trees onto tree file?  Yes

  Y to accept these or type the letter for one to change
[2J[H
DNA parsimony algorithm, version 3.697

Setting for this run:
  U                 Search for best tree?  Yes
  S                        Search option?  More thorough search
  V              Number of trees to save?  10000
  J   Randomize input order of sequences?  Yes (seed =  313145, 10 times)
  O                        Outgroup root?  Yes, at sequence number  1
  T              Use Threshold parsimony?  No, use ordinary parsimony
  N           Use Transversion parsimony?  No, count all steps
  W                       Sites weighted?  No
  M           Analyze multiple data sets?  No
  I          Input sequences interleaved?  Yes
  0   Terminal type (IBM PC, ANSI, none)?  ANSI
  1    Print out the data at start of run  No
  2  Print indications of progress of run  Yes
  3                        Print out tree  Yes
  4          Print out steps in each site  Yes
  5  Print sequences at all nodes of tree  Yes
  .  Use dot-differencing to display them  Yes
  6       Write out trees onto tree file?  Yes

  Y to accept these or type the letter for one to change
[2J[H
DNA parsimony algorithm, version 3.697

Setting for this run:
  U                 Search for best tree?  Yes
  S                        Search option?  More thorough search
  V              Number of trees to save?  10000
  J   Randomize input order of sequences?  Yes (seed =  313145, 10 times)
  O                        Outgroup root?  Yes, at sequence number  1
  T              Use Threshold parsimony?  No, use ordinary parsimony
  N           Use Transversion parsimony?  No, count all steps
  W                       Sites weighted?  No
  M           Analyze multiple data sets?  No
  I          Input sequences interleaved?  Yes
  0   Terminal type (IBM PC, ANSI, none)?  ANSI
  1    Print out the data at start of run  No
  2  Print indications of progress of run  Yes
  3                        Print out tree  Yes
  4          Print out steps in each site  Yes
  5  Print sequences at all nodes of tree  Yes
  .  Use dot-differencing to display them  No
  6       Write out trees onto tree file?  Yes

  Y to accept these or type the letter for one to change
Adding species:
   1. seq6      
   2. seq3      
   3. seq12     
   4. naive     
   5. seq2      
   6. seq14     
   7. seq15     
   8. seq9      
   9. seq7      
  10. seq5      
  11. seq10     
  12. seq1      
  13. seq4      
  14. seq13     
  15. seq8      
  16. seq11     

Doing global rearrangements on all trees tied for best
  !-------------------------------!
   ...............................
   ...............................

Adding species:
   1. seq6      
   2. seq1      
   3. seq14     
   4. seq13     
   5. seq8      
   6. seq12     
   7. seq5      
   8. seq3      
   9. naive     
  10. seq11     
  11. seq4      
  12. seq9      
  13. seq15     
  14. seq7      
  15. seq10     
  16. seq2      

Doing global rearrangements on all trees tied for best
  !-------------------------------!
   ...............................

Adding species:
   1. seq6      
   2. seq10     
   3. seq2      
   4. seq14     
   5. seq4      
   6. seq1      
   7. seq9      
   8. seq3      
   9. seq11     
  10. naive     
  11. seq8      
  12. seq7      
  13. seq13     
  14. seq5      
  15. seq12     
  16. seq15     

Doing global rearrangements on all trees tied for best
  !-------------------------------!
   ...............................

Adding species:
   1. seq3      
   2. seq7      
   3. seq13     
   4. seq2      
   5. seq9      
   6. seq15     
   7. naive     
   8. seq1      
   9. seq11     
  10. seq8      
  11. seq10     
  12. seq5      
  13. seq6      
  14. seq14     
  15. seq12     
  16. seq4      

Doing global rearrangements on all trees tied for best
  !-------------------------------!
   ...............................

Adding species:
   1. seq13     
   2. seq6      
   3. seq7      
   4. seq8      
   5. naive     
   6. seq1      
   7. seq3      
   8. seq4      
   9. seq9      
  10. seq2      
  11. seq11     
  12. seq5      
  13. seq15     
  14. seq10     
  15. seq12     
  16. seq14     

Doing global rearrangements on all trees tied for best
  !-------------------------------!
   ...............................

Adding species:
   1. seq13     
   2. seq2      
   3. seq7      
   4. seq4      
   5. seq12     
   6. seq8      
   7. seq15     
   8. seq9      
   9. seq1      
  10. seq6      
  11. seq5      
  12. seq11     
  13. seq10     
  14. naive     
  15. seq3      
  16. seq14     

Doing global rearrangements on all trees tied for best
  !-------------------------------!
   ...............................

Adding species:
   1. seq11     
   2. seq8      
   3. seq3      
   4. seq12     
   5. seq6      
   6. seq5      
   7. seq15     
   8. naive     
   9. seq4      
  10. seq2      
  11. seq7      
  12. seq10     
  13. seq14     
  14. seq13     
  15. seq9      
  16. seq1      

Doing global rearrangements on all trees tied for best
  !-------------------------------!
   ...............................

Adding species:
   1. seq2      
   2. seq3      
   3. naive     
   4. seq10     
   5. seq1      
   6. seq14     
   7. seq15     
   8. seq5      
   9. seq11     
  10. seq4      
  11. seq12     
  12. seq9      
  13. seq13     
  14. seq6      
  15. seq7      
  16. seq8      

Doing global rearrangements on all trees tied for best
  !-------------------------------!
   ...............................

Adding species:
   1. seq6      
   2. seq11     
   3. seq9      
   4. seq1      
   5. seq13     
   6. seq8      
   7. seq3      
   8. seq7      
   9. seq4      
  10. seq12     
  11. seq14     
  12. seq10     
  13. naive     
  14. seq5      
  15. seq15     
  16. seq2      

Doing global rearrangements on all trees tied for best
  !-------------------------------!
   ...............................

Adding species:
   1. seq6      
   2. seq14     
   3. seq11     
   4. seq7      
   5. seq15     
   6. seq3      
   7. naive     
   8. seq4      
   9. seq12     
  10. seq2      
  11. seq8      
  12. seq1      
  13. seq13     
  14. seq9      
  15. seq10     
  16. seq5      

Doing global rearrangements on all trees tied for best
  !-------------------------------!
   ...............................

Collapsing best trees
   .

Output written to file "outfile"

Tree also written onto file "outtree"

Done.

