[2J[Hdnapars: can't find input file "infile"
Please enter a new file name> [2J[H
DNA parsimony algorithm, version 3.697

Setting for this run:
  U                 Search for best tree?  Yes
  S                        Search option?  More thorough search
  V              Number of trees to save?  10000
  J   Randomize input order of sequences?  No. Use input order
  O                        Outgroup root?  No, use as outgroup species  1
  T              Use Threshold parsimony?  No, use ordinary parsimony
  N           Use Transversion parsimony?  No, count all steps
  W                       Sites weighted?  No
  M           Analyze multiple data sets?  No
  I          Input sequences interleaved?  Yes
  0   Terminal type (IBM PC, ANSI, none)?  ANSI
  1    Print out the data at start of run  No
  2  Print indications of progress of run  Yes
  3                        Print out tree  Yes
  4          Print out steps in each site  No
  5  Print sequences at all nodes of tree  No
  6       Write out trees onto tree file?  Yes

  Y to accept these or type the letter for one to change

Random number seed (must be odd)?
Number of times to jumble?
[2J[H
DNA parsimony algorithm, version 3.697

Setting for this run:
  U                 Search for best tree?  Yes
  S                        Search option?  More thorough search
  V              Number of trees to save?  10000
  J   Randomize input order of sequences?  Yes (seed =  737509, 10 times)
  O                        Outgroup root?  No, use as outgroup species  1
  T              Use Threshold parsimony?  No, use ordinary parsimony
  N           Use Transversion parsimony?  No, count all steps
  W                       Sites weighted?  No
  M           Analyze multiple data sets?  No
  I          Input sequences interleaved?  Yes
  0   Terminal type (IBM PC, ANSI, none)?  ANSI
  1    Print out the data at start of run  No
  2  Print indications of progress of run  Yes
  3                        Print out tree  Yes
  4          Print out steps in each site  No
  5  Print sequences at all nodes of tree  No
  6       Write out trees onto tree file?  Yes

  Y to accept these or type the letter for one to change
Type number of the outgroup:
[2J[H
DNA parsimony algorithm, version 3.697

Setting for this run:
  U                 Search for best tree?  Yes
  S                        Search option?  More thorough search
  V              Number of trees to save?  10000
  J   Randomize input order of sequences?  Yes (seed =  737509, 10 times)
  O                        Outgroup root?  Yes, at sequence number  1
  T              Use Threshold parsimony?  No, use ordinary parsimony
  N           Use Transversion parsimony?  No, count all steps
  W                       Sites weighted?  No
  M           Analyze multiple data sets?  No
  I          Input sequences interleaved?  Yes
  0   Terminal type (IBM PC, ANSI, none)?  ANSI
  1    Print out the data at start of run  No
  2  Print indications of progress of run  Yes
  3                        Print out tree  Yes
  4          Print out steps in each site  No
  5  Print sequences at all nodes of tree  No
  6       Write out trees onto tree file?  Yes

  Y to accept these or type the letter for one to change
[2J[H
DNA parsimony algorithm, version 3.697

Setting for this run:
  U                 Search for best tree?  Yes
  S                        Search option?  More thorough search
  V              Number of trees to save?  10000
  J   Randomize input order of sequences?  Yes (seed =  737509, 10 times)
  O                        Outgroup root?  Yes, at sequence number  1
  T              Use Threshold parsimony?  No, use ordinary parsimony
  N           Use Transversion parsimony?  No, count all steps
  W                       Sites weighted?  No
  M           Analyze multiple data sets?  No
  I          Input sequences interleaved?  Yes
  0   Terminal type (IBM PC, ANSI, none)?  ANSI
  1    Print out the data at start of run  No
  2  Print indications of progress of run  Yes
  3                        Print out tree  Yes
  4          Print out steps in each site  Yes
  5  Print sequences at all nodes of tree  No
  6       Write out trees onto tree file?  Yes

  Y to accept these or type the letter for one to change
[2J[H
DNA parsimony algorithm, version 3.697

Setting for this run:
  U                 Search for best tree?  Yes
  S                        Search option?  More thorough search
  V              Number of trees to save?  10000
  J   Randomize input order of sequences?  Yes (seed =  737509, 10 times)
  O                        Outgroup root?  Yes, at sequence number  1
  T              Use Threshold parsimony?  No, use ordinary parsimony
  N           Use Transversion parsimony?  No, count all steps
  W                       Sites weighted?  No
  M           Analyze multiple data sets?  No
  I          Input sequences interleaved?  Yes
  0   Terminal type (IBM PC, ANSI, none)?  ANSI
  1    Print out the data at start of run  No
  2  Print indications of progress of run  Yes
  3                        Print out tree  Yes
  4          Print out steps in each site  Yes
  5  Print sequences at all nodes of tree  Yes
  .  Use dot-differencing to display them  Yes
  6       Write out trees onto tree file?  Yes

  Y to accept these or type the letter for one to change
[2J[H
DNA parsimony algorithm, version 3.697

Setting for this run:
  U                 Search for best tree?  Yes
  S                        Search option?  More thorough search
  V              Number of trees to save?  10000
  J   Randomize input order of sequences?  Yes (seed =  737509, 10 times)
  O                        Outgroup root?  Yes, at sequence number  1
  T              Use Threshold parsimony?  No, use ordinary parsimony
  N           Use Transversion parsimony?  No, count all steps
  W                       Sites weighted?  No
  M           Analyze multiple data sets?  No
  I          Input sequences interleaved?  Yes
  0   Terminal type (IBM PC, ANSI, none)?  ANSI
  1    Print out the data at start of run  No
  2  Print indications of progress of run  Yes
  3                        Print out tree  Yes
  4          Print out steps in each site  Yes
  5  Print sequences at all nodes of tree  Yes
  .  Use dot-differencing to display them  No
  6       Write out trees onto tree file?  Yes

  Y to accept these or type the letter for one to change
Adding species:
   1. seq13     
   2. seq11     
   3. seq5      
   4. seq3      
   5. seq6      
   6. seq1      
   7. seq17     
   8. seq9      
   9. seq10     
  10. naive     
  11. seq18     
  12. seq2      
  13. seq12     
  14. seq7      
  15. seq14     
  16. seq19     
  17. seq8      
  18. seq15     
  19. seq20     
  20. seq4      
  21. seq16     

Doing global rearrangements on all trees tied for best
  !-----------------------------------------!
   .........................................
   .........................................

Adding species:
   1. seq15     
   2. seq10     
   3. seq8      
   4. seq4      
   5. seq3      
   6. seq6      
   7. seq11     
   8. seq19     
   9. seq1      
  10. seq5      
  11. seq17     
  12. seq12     
  13. seq13     
  14. naive     
  15. seq2      
  16. seq18     
  17. seq7      
  18. seq14     
  19. seq20     
  20. seq16     
  21. seq9      

Doing global rearrangements on all trees tied for best
  !-----------------------------------------!
   .........................................

Adding species:
   1. seq2      
   2. seq20     
   3. seq18     
   4. seq5      
   5. seq9      
   6. seq1      
   7. seq14     
   8. seq13     
   9. seq8      
  10. seq17     
  11. seq4      
  12. seq10     
  13. naive     
  14. seq12     
  15. seq11     
  16. seq19     
  17. seq16     
  18. seq7      
  19. seq3      
  20. seq15     
  21. seq6      

Doing global rearrangements on all trees tied for best
  !-----------------------------------------!
   .........................................

Adding species:
   1. seq9      
   2. seq16     
   3. seq7      
   4. seq4      
   5. seq10     
   6. naive     
   7. seq20     
   8. seq3      
   9. seq19     
  10. seq18     
  11. seq1      
  12. seq14     
  13. seq17     
  14. seq15     
  15. seq11     
  16. seq5      
  17. seq12     
  18. seq13     
  19. seq8      
  20. seq6      
  21. seq2      

Doing global rearrangements on all trees tied for best
  !-----------------------------------------!
   .........................................

Adding species:
   1. seq2      
   2. seq20     
   3. seq13     
   4. seq19     
   5. seq6      
   6. seq14     
   7. seq3      
   8. seq8      
   9. seq17     
  10. seq15     
  11. seq11     
  12. seq12     
  13. seq1      
  14. seq9      
  15. seq5      
  16. seq18     
  17. seq4      
  18. seq10     
  19. seq7      
  20. naive     
  21. seq16     

Doing global rearrangements on all trees tied for best
  !-----------------------------------------!
   .........................................

Adding species:
   1. seq1      
   2. seq11     
   3. seq13     
   4. seq9      
   5. seq14     
   6. seq19     
   7. seq10     
   8. seq3      
   9. seq6      
  10. seq4      
  11. seq18     
  12. seq17     
  13. seq5      
  14. seq12     
  15. seq8      
  16. seq7      
  17. seq16     
  18. seq20     
  19. naive     
  20. seq2      
  21. seq15     

Doing global rearrangements on all trees tied for best
  !-----------------------------------------!
   .........................................

Adding species:
   1. seq3      
   2. naive     
   3. seq5      
   4. seq6      
   5. seq7      
   6. seq1      
   7. seq16     
   8. seq20     
   9. seq18     
  10. seq14     
  11. seq15     
  12. seq9      
  13. seq8      
  14. seq19     
  15. seq11     
  16. seq4      
  17. seq2      
  18. seq12     
  19. seq10     
  20. seq13     
  21. seq17     

Doing global rearrangements on all trees tied for best
  !-----------------------------------------!
   .........................................

Adding species:
   1. seq18     
   2. seq6      
   3. seq15     
   4. seq17     
   5. seq12     
   6. seq20     
   7. seq14     
   8. seq10     
   9. seq19     
  10. seq4      
  11. seq3      
  12. seq13     
  13. seq2      
  14. seq8      
  15. seq9      
  16. seq1      
  17. seq5      
  18. naive     
  19. seq11     
  20. seq7      
  21. seq16     

Doing global rearrangements on all trees tied for best
  !-----------------------------------------!
   .........................................

Adding species:
   1. seq9      
   2. naive     
   3. seq5      
   4. seq6      
   5. seq16     
   6. seq7      
   7. seq17     
   8. seq8      
   9. seq4      
  10. seq10     
  11. seq2      
  12. seq20     
  13. seq13     
  14. seq18     
  15. seq1      
  16. seq14     
  17. seq19     
  18. seq11     
  19. seq12     
  20. seq3      
  21. seq15     

Doing global rearrangements on all trees tied for best
  !-----------------------------------------!
   .........................................

Adding species:
   1. seq12     
   2. seq19     
   3. seq4      
   4. seq2      
   5. seq11     
   6. seq1      
   7. seq10     
   8. seq20     
   9. seq14     
  10. seq8      
  11. seq3      
  12. seq13     
  13. seq6      
  14. seq16     
  15. seq5      
  16. seq9      
  17. seq15     
  18. seq17     
  19. seq7      
  20. seq18     
  21. naive     

Doing global rearrangements on all trees tied for best
  !-----------------------------------------!
   .........................................

Collapsing best trees
   .

Output written to file "outfile"

Tree also written onto file "outtree"

Done.

