[2J[Hdnapars: can't find input file "infile"
Please enter a new file name> [2J[H
DNA parsimony algorithm, version 3.697

Setting for this run:
  U                 Search for best tree?  Yes
  S                        Search option?  More thorough search
  V              Number of trees to save?  10000
  J   Randomize input order of sequences?  No. Use input order
  O                        Outgroup root?  No, use as outgroup species  1
  T              Use Threshold parsimony?  No, use ordinary parsimony
  N           Use Transversion parsimony?  No, count all steps
  W                       Sites weighted?  No
  M           Analyze multiple data sets?  No
  I          Input sequences interleaved?  Yes
  0   Terminal type (IBM PC, ANSI, none)?  ANSI
  1    Print out the data at start of run  No
  2  Print indications of progress of run  Yes
  3                        Print out tree  Yes
  4          Print out steps in each site  No
  5  Print sequences at all nodes of tree  No
  6       Write out trees onto tree file?  Yes

  Y to accept these or type the letter for one to change

Random number seed (must be odd)?
Number of times to jumble?
[2J[H
DNA parsimony algorithm, version 3.697

Setting for this run:
  U                 Search for best tree?  Yes
  S                        Search option?  More thorough search
  V              Number of trees to save?  10000
  J   Randomize input order of sequences?  Yes (seed =  697165, 10 times)
  O                        Outgroup root?  No, use as outgroup species  1
  T              Use Threshold parsimony?  No, use ordinary parsimony
  N           Use Transversion parsimony?  No, count all steps
  W                       Sites weighted?  No
  M           Analyze multiple data sets?  No
  I          Input sequences interleaved?  Yes
  0   Terminal type (IBM PC, ANSI, none)?  ANSI
  1    Print out the data at start of run  No
  2  Print indications of progress of run  Yes
  3                        Print out tree  Yes
  4          Print out steps in each site  No
  5  Print sequences at all nodes of tree  No
  6       Write out trees onto tree file?  Yes

  Y to accept these or type the letter for one to change
Type number of the outgroup:
[2J[H
DNA parsimony algorithm, version 3.697

Setting for this run:
  U                 Search for best tree?  Yes
  S                        Search option?  More thorough search
  V              Number of trees to save?  10000
  J   Randomize input order of sequences?  Yes (seed =  697165, 10 times)
  O                        Outgroup root?  Yes, at sequence number  1
  T              Use Threshold parsimony?  No, use ordinary parsimony
  N           Use Transversion parsimony?  No, count all steps
  W                       Sites weighted?  No
  M           Analyze multiple data sets?  No
  I          Input sequences interleaved?  Yes
  0   Terminal type (IBM PC, ANSI, none)?  ANSI
  1    Print out the data at start of run  No
  2  Print indications of progress of run  Yes
  3                        Print out tree  Yes
  4          Print out steps in each site  No
  5  Print sequences at all nodes of tree  No
  6       Write out trees onto tree file?  Yes

  Y to accept these or type the letter for one to change
[2J[H
DNA parsimony algorithm, version 3.697

Setting for this run:
  U                 Search for best tree?  Yes
  S                        Search option?  More thorough search
  V              Number of trees to save?  10000
  J   Randomize input order of sequences?  Yes (seed =  697165, 10 times)
  O                        Outgroup root?  Yes, at sequence number  1
  T              Use Threshold parsimony?  No, use ordinary parsimony
  N           Use Transversion parsimony?  No, count all steps
  W                       Sites weighted?  No
  M           Analyze multiple data sets?  No
  I          Input sequences interleaved?  Yes
  0   Terminal type (IBM PC, ANSI, none)?  ANSI
  1    Print out the data at start of run  No
  2  Print indications of progress of run  Yes
  3                        Print out tree  Yes
  4          Print out steps in each site  Yes
  5  Print sequences at all nodes of tree  No
  6       Write out trees onto tree file?  Yes

  Y to accept these or type the letter for one to change
[2J[H
DNA parsimony algorithm, version 3.697

Setting for this run:
  U                 Search for best tree?  Yes
  S                        Search option?  More thorough search
  V              Number of trees to save?  10000
  J   Randomize input order of sequences?  Yes (seed =  697165, 10 times)
  O                        Outgroup root?  Yes, at sequence number  1
  T              Use Threshold parsimony?  No, use ordinary parsimony
  N           Use Transversion parsimony?  No, count all steps
  W                       Sites weighted?  No
  M           Analyze multiple data sets?  No
  I          Input sequences interleaved?  Yes
  0   Terminal type (IBM PC, ANSI, none)?  ANSI
  1    Print out the data at start of run  No
  2  Print indications of progress of run  Yes
  3                        Print out tree  Yes
  4          Print out steps in each site  Yes
  5  Print sequences at all nodes of tree  Yes
  .  Use dot-differencing to display them  Yes
  6       Write out trees onto tree file?  Yes

  Y to accept these or type the letter for one to change
[2J[H
DNA parsimony algorithm, version 3.697

Setting for this run:
  U                 Search for best tree?  Yes
  S                        Search option?  More thorough search
  V              Number of trees to save?  10000
  J   Randomize input order of sequences?  Yes (seed =  697165, 10 times)
  O                        Outgroup root?  Yes, at sequence number  1
  T              Use Threshold parsimony?  No, use ordinary parsimony
  N           Use Transversion parsimony?  No, count all steps
  W                       Sites weighted?  No
  M           Analyze multiple data sets?  No
  I          Input sequences interleaved?  Yes
  0   Terminal type (IBM PC, ANSI, none)?  ANSI
  1    Print out the data at start of run  No
  2  Print indications of progress of run  Yes
  3                        Print out tree  Yes
  4          Print out steps in each site  Yes
  5  Print sequences at all nodes of tree  Yes
  .  Use dot-differencing to display them  No
  6       Write out trees onto tree file?  Yes

  Y to accept these or type the letter for one to change
Adding species:
   1. seq11     
   2. seq2      
   3. seq3      
   4. seq8      
   5. seq15     
   6. seq14     
   7. seq12     
   8. seq10     
   9. naive     
  10. seq1      
  11. seq6      
  12. seq9      
  13. seq7      
  14. seq13     
  15. seq5      
  16. seq4      

Doing global rearrangements on all trees tied for best
  !-------------------------------!
   ...............................
   ...............................

Adding species:
   1. seq1      
   2. seq3      
   3. seq12     
   4. seq5      
   5. seq2      
   6. seq8      
   7. seq13     
   8. naive     
   9. seq10     
  10. seq7      
  11. seq6      
  12. seq14     
  13. seq9      
  14. seq15     
  15. seq11     
  16. seq4      

Doing global rearrangements on all trees tied for best
  !-------------------------------!
   ...............................

Adding species:
   1. seq2      
   2. seq14     
   3. seq4      
   4. seq12     
   5. seq6      
   6. seq7      
   7. naive     
   8. seq15     
   9. seq13     
  10. seq1      
  11. seq5      
  12. seq8      
  13. seq11     
  14. seq10     
  15. seq3      
  16. seq9      

Doing global rearrangements on all trees tied for best
  !-------------------------------!
   ...............................

Adding species:
   1. seq5      
   2. seq6      
   3. seq7      
   4. seq9      
   5. seq2      
   6. seq8      
   7. seq11     
   8. seq15     
   9. seq1      
  10. seq4      
  11. seq14     
  12. seq13     
  13. seq3      
  14. seq10     
  15. naive     
  16. seq12     

Doing global rearrangements on all trees tied for best
  !-------------------------------!
   ...............................

Adding species:
   1. seq4      
   2. seq13     
   3. seq2      
   4. seq3      
   5. seq8      
   6. seq10     
   7. naive     
   8. seq5      
   9. seq6      
  10. seq1      
  11. seq9      
  12. seq11     
  13. seq14     
  14. seq12     
  15. seq15     
  16. seq7      

Doing global rearrangements on all trees tied for best
  !-------------------------------!
   ...............................

Adding species:
   1. seq15     
   2. seq1      
   3. seq3      
   4. seq13     
   5. seq11     
   6. naive     
   7. seq5      
   8. seq9      
   9. seq14     
  10. seq8      
  11. seq10     
  12. seq2      
  13. seq6      
  14. seq4      
  15. seq12     
  16. seq7      

Doing global rearrangements on all trees tied for best
  !-------------------------------!
   ...............................

Adding species:
   1. seq8      
   2. seq5      
   3. seq4      
   4. seq15     
   5. seq7      
   6. seq14     
   7. seq9      
   8. seq11     
   9. seq2      
  10. seq12     
  11. naive     
  12. seq1      
  13. seq13     
  14. seq6      
  15. seq10     
  16. seq3      

Doing global rearrangements on all trees tied for best
  !-------------------------------!
   ...............................

Adding species:
   1. seq5      
   2. seq14     
   3. seq13     
   4. seq9      
   5. seq6      
   6. seq3      
   7. seq2      
   8. seq8      
   9. seq11     
  10. seq15     
  11. seq4      
  12. seq7      
  13. naive     
  14. seq10     
  15. seq12     
  16. seq1      

Doing global rearrangements on all trees tied for best
  !-------------------------------!
   ...............................

Adding species:
   1. seq1      
   2. seq4      
   3. seq3      
   4. seq11     
   5. seq7      
   6. naive     
   7. seq14     
   8. seq10     
   9. seq13     
  10. seq12     
  11. seq2      
  12. seq6      
  13. seq5      
  14. seq15     
  15. seq9      
  16. seq8      

Doing global rearrangements on all trees tied for best
  !-------------------------------!
   ...............................

Adding species:
   1. seq3      
   2. seq14     
   3. seq12     
   4. seq2      
   5. seq7      
   6. seq1      
   7. seq11     
   8. seq13     
   9. seq10     
  10. naive     
  11. seq4      
  12. seq8      
  13. seq9      
  14. seq6      
  15. seq15     
  16. seq5      

Doing global rearrangements on all trees tied for best
  !-------------------------------!
   ...............................

Collapsing best trees
   .

Output written to file "outfile"

Tree also written onto file "outtree"

Done.

