[2J[Hdnapars: can't find input file "infile"
Please enter a new file name> [2J[H
DNA parsimony algorithm, version 3.697

Setting for this run:
  U                 Search for best tree?  Yes
  S                        Search option?  More thorough search
  V              Number of trees to save?  10000
  J   Randomize input order of sequences?  No. Use input order
  O                        Outgroup root?  No, use as outgroup species  1
  T              Use Threshold parsimony?  No, use ordinary parsimony
  N           Use Transversion parsimony?  No, count all steps
  W                       Sites weighted?  No
  M           Analyze multiple data sets?  No
  I          Input sequences interleaved?  Yes
  0   Terminal type (IBM PC, ANSI, none)?  ANSI
  1    Print out the data at start of run  No
  2  Print indications of progress of run  Yes
  3                        Print out tree  Yes
  4          Print out steps in each site  No
  5  Print sequences at all nodes of tree  No
  6       Write out trees onto tree file?  Yes

  Y to accept these or type the letter for one to change

Random number seed (must be odd)?
Number of times to jumble?
[2J[H
DNA parsimony algorithm, version 3.697

Setting for this run:
  U                 Search for best tree?  Yes
  S                        Search option?  More thorough search
  V              Number of trees to save?  10000
  J   Randomize input order of sequences?  Yes (seed =  982151, 10 times)
  O                        Outgroup root?  No, use as outgroup species  1
  T              Use Threshold parsimony?  No, use ordinary parsimony
  N           Use Transversion parsimony?  No, count all steps
  W                       Sites weighted?  No
  M           Analyze multiple data sets?  No
  I          Input sequences interleaved?  Yes
  0   Terminal type (IBM PC, ANSI, none)?  ANSI
  1    Print out the data at start of run  No
  2  Print indications of progress of run  Yes
  3                        Print out tree  Yes
  4          Print out steps in each site  No
  5  Print sequences at all nodes of tree  No
  6       Write out trees onto tree file?  Yes

  Y to accept these or type the letter for one to change
Type number of the outgroup:
[2J[H
DNA parsimony algorithm, version 3.697

Setting for this run:
  U                 Search for best tree?  Yes
  S                        Search option?  More thorough search
  V              Number of trees to save?  10000
  J   Randomize input order of sequences?  Yes (seed =  982151, 10 times)
  O                        Outgroup root?  Yes, at sequence number  1
  T              Use Threshold parsimony?  No, use ordinary parsimony
  N           Use Transversion parsimony?  No, count all steps
  W                       Sites weighted?  No
  M           Analyze multiple data sets?  No
  I          Input sequences interleaved?  Yes
  0   Terminal type (IBM PC, ANSI, none)?  ANSI
  1    Print out the data at start of run  No
  2  Print indications of progress of run  Yes
  3                        Print out tree  Yes
  4          Print out steps in each site  No
  5  Print sequences at all nodes of tree  No
  6       Write out trees onto tree file?  Yes

  Y to accept these or type the letter for one to change
[2J[H
DNA parsimony algorithm, version 3.697

Setting for this run:
  U                 Search for best tree?  Yes
  S                        Search option?  More thorough search
  V              Number of trees to save?  10000
  J   Randomize input order of sequences?  Yes (seed =  982151, 10 times)
  O                        Outgroup root?  Yes, at sequence number  1
  T              Use Threshold parsimony?  No, use ordinary parsimony
  N           Use Transversion parsimony?  No, count all steps
  W                       Sites weighted?  No
  M           Analyze multiple data sets?  No
  I          Input sequences interleaved?  Yes
  0   Terminal type (IBM PC, ANSI, none)?  ANSI
  1    Print out the data at start of run  No
  2  Print indications of progress of run  Yes
  3                        Print out tree  Yes
  4          Print out steps in each site  Yes
  5  Print sequences at all nodes of tree  No
  6       Write out trees onto tree file?  Yes

  Y to accept these or type the letter for one to change
[2J[H
DNA parsimony algorithm, version 3.697

Setting for this run:
  U                 Search for best tree?  Yes
  S                        Search option?  More thorough search
  V              Number of trees to save?  10000
  J   Randomize input order of sequences?  Yes (seed =  982151, 10 times)
  O                        Outgroup root?  Yes, at sequence number  1
  T              Use Threshold parsimony?  No, use ordinary parsimony
  N           Use Transversion parsimony?  No, count all steps
  W                       Sites weighted?  No
  M           Analyze multiple data sets?  No
  I          Input sequences interleaved?  Yes
  0   Terminal type (IBM PC, ANSI, none)?  ANSI
  1    Print out the data at start of run  No
  2  Print indications of progress of run  Yes
  3                        Print out tree  Yes
  4          Print out steps in each site  Yes
  5  Print sequences at all nodes of tree  Yes
  .  Use dot-differencing to display them  Yes
  6       Write out trees onto tree file?  Yes

  Y to accept these or type the letter for one to change
[2J[H
DNA parsimony algorithm, version 3.697

Setting for this run:
  U                 Search for best tree?  Yes
  S                        Search option?  More thorough search
  V              Number of trees to save?  10000
  J   Randomize input order of sequences?  Yes (seed =  982151, 10 times)
  O                        Outgroup root?  Yes, at sequence number  1
  T              Use Threshold parsimony?  No, use ordinary parsimony
  N           Use Transversion parsimony?  No, count all steps
  W                       Sites weighted?  No
  M           Analyze multiple data sets?  No
  I          Input sequences interleaved?  Yes
  0   Terminal type (IBM PC, ANSI, none)?  ANSI
  1    Print out the data at start of run  No
  2  Print indications of progress of run  Yes
  3                        Print out tree  Yes
  4          Print out steps in each site  Yes
  5  Print sequences at all nodes of tree  Yes
  .  Use dot-differencing to display them  No
  6       Write out trees onto tree file?  Yes

  Y to accept these or type the letter for one to change
Adding species:
   1. seq9      
   2. seq10     
   3. seq4      
   4. seq6      
   5. seq7      
   6. seq5      
   7. seq2      
   8. seq3      
   9. vdj       
  10. seq8      
  11. seq1      

Doing global rearrangements on all trees tied for best
  !---------------------!
   .....................
   .....................
   .....................

Adding species:
   1. seq6      
   2. seq3      
   3. vdj       
   4. seq5      
   5. seq4      
   6. seq8      
   7. seq7      
   8. seq9      
   9. seq2      
  10. seq10     
  11. seq1      

Doing global rearrangements on all trees tied for best
  !---------------------!
   .....................

Adding species:
   1. seq3      
   2. vdj       
   3. seq10     
   4. seq5      
   5. seq2      
   6. seq9      
   7. seq7      
   8. seq6      
   9. seq4      
  10. seq8      
  11. seq1      

Doing global rearrangements on all trees tied for best
  !---------------------!
   .....................

Adding species:
   1. seq6      
   2. vdj       
   3. seq8      
   4. seq1      
   5. seq2      
   6. seq9      
   7. seq10     
   8. seq7      
   9. seq5      
  10. seq4      
  11. seq3      

Doing global rearrangements on all trees tied for best
  !---------------------!
   .....................

Adding species:
   1. seq7      
   2. seq8      
   3. seq1      
   4. seq6      
   5. seq4      
   6. seq2      
   7. seq3      
   8. seq10     
   9. seq9      
  10. seq5      
  11. vdj       

Doing global rearrangements on all trees tied for best
  !---------------------!
   .....................

Adding species:
   1. seq2      
   2. seq1      
   3. seq10     
   4. seq3      
   5. seq9      
   6. seq6      
   7. vdj       
   8. seq7      
   9. seq5      
  10. seq8      
  11. seq4      

Doing global rearrangements on all trees tied for best
  !---------------------!
   .....................

Adding species:
   1. seq2      
   2. seq3      
   3. seq10     
   4. seq6      
   5. seq9      
   6. seq1      
   7. seq8      
   8. vdj       
   9. seq5      
  10. seq7      
  11. seq4      

Doing global rearrangements on all trees tied for best
  !---------------------!
   .....................

Adding species:
   1. seq4      
   2. seq8      
   3. vdj       
   4. seq1      
   5. seq6      
   6. seq3      
   7. seq10     
   8. seq2      
   9. seq7      
  10. seq9      
  11. seq5      

Doing global rearrangements on all trees tied for best
  !---------------------!
   .....................

Adding species:
   1. seq9      
   2. seq7      
   3. vdj       
   4. seq2      
   5. seq4      
   6. seq5      
   7. seq10     
   8. seq1      
   9. seq8      
  10. seq6      
  11. seq3      

Doing global rearrangements on all trees tied for best
  !---------------------!
   .....................

Adding species:
   1. seq4      
   2. seq1      
   3. seq6      
   4. seq10     
   5. seq9      
   6. vdj       
   7. seq2      
   8. seq8      
   9. seq5      
  10. seq3      
  11. seq7      

Doing global rearrangements on all trees tied for best
  !---------------------!
   .....................

Collapsing best trees
   ..

Output written to file "outfile"

Trees also written onto file "outtree"

Done.

