[2J[Hdnapars: can't find input file "infile"
Please enter a new file name> [2J[H
DNA parsimony algorithm, version 3.697

Setting for this run:
  U                 Search for best tree?  Yes
  S                        Search option?  More thorough search
  V              Number of trees to save?  10000
  J   Randomize input order of sequences?  No. Use input order
  O                        Outgroup root?  No, use as outgroup species  1
  T              Use Threshold parsimony?  No, use ordinary parsimony
  N           Use Transversion parsimony?  No, count all steps
  W                       Sites weighted?  No
  M           Analyze multiple data sets?  No
  I          Input sequences interleaved?  Yes
  0   Terminal type (IBM PC, ANSI, none)?  ANSI
  1    Print out the data at start of run  No
  2  Print indications of progress of run  Yes
  3                        Print out tree  Yes
  4          Print out steps in each site  No
  5  Print sequences at all nodes of tree  No
  6       Write out trees onto tree file?  Yes

  Y to accept these or type the letter for one to change

Random number seed (must be odd)?
Number of times to jumble?
[2J[H
DNA parsimony algorithm, version 3.697

Setting for this run:
  U                 Search for best tree?  Yes
  S                        Search option?  More thorough search
  V              Number of trees to save?  10000
  J   Randomize input order of sequences?  Yes (seed =   58433, 10 times)
  O                        Outgroup root?  No, use as outgroup species  1
  T              Use Threshold parsimony?  No, use ordinary parsimony
  N           Use Transversion parsimony?  No, count all steps
  W                       Sites weighted?  No
  M           Analyze multiple data sets?  No
  I          Input sequences interleaved?  Yes
  0   Terminal type (IBM PC, ANSI, none)?  ANSI
  1    Print out the data at start of run  No
  2  Print indications of progress of run  Yes
  3                        Print out tree  Yes
  4          Print out steps in each site  No
  5  Print sequences at all nodes of tree  No
  6       Write out trees onto tree file?  Yes

  Y to accept these or type the letter for one to change
Type number of the outgroup:
[2J[H
DNA parsimony algorithm, version 3.697

Setting for this run:
  U                 Search for best tree?  Yes
  S                        Search option?  More thorough search
  V              Number of trees to save?  10000
  J   Randomize input order of sequences?  Yes (seed =   58433, 10 times)
  O                        Outgroup root?  Yes, at sequence number  1
  T              Use Threshold parsimony?  No, use ordinary parsimony
  N           Use Transversion parsimony?  No, count all steps
  W                       Sites weighted?  No
  M           Analyze multiple data sets?  No
  I          Input sequences interleaved?  Yes
  0   Terminal type (IBM PC, ANSI, none)?  ANSI
  1    Print out the data at start of run  No
  2  Print indications of progress of run  Yes
  3                        Print out tree  Yes
  4          Print out steps in each site  No
  5  Print sequences at all nodes of tree  No
  6       Write out trees onto tree file?  Yes

  Y to accept these or type the letter for one to change
[2J[H
DNA parsimony algorithm, version 3.697

Setting for this run:
  U                 Search for best tree?  Yes
  S                        Search option?  More thorough search
  V              Number of trees to save?  10000
  J   Randomize input order of sequences?  Yes (seed =   58433, 10 times)
  O                        Outgroup root?  Yes, at sequence number  1
  T              Use Threshold parsimony?  No, use ordinary parsimony
  N           Use Transversion parsimony?  No, count all steps
  W                       Sites weighted?  No
  M           Analyze multiple data sets?  No
  I          Input sequences interleaved?  Yes
  0   Terminal type (IBM PC, ANSI, none)?  ANSI
  1    Print out the data at start of run  No
  2  Print indications of progress of run  Yes
  3                        Print out tree  Yes
  4          Print out steps in each site  Yes
  5  Print sequences at all nodes of tree  No
  6       Write out trees onto tree file?  Yes

  Y to accept these or type the letter for one to change
[2J[H
DNA parsimony algorithm, version 3.697

Setting for this run:
  U                 Search for best tree?  Yes
  S                        Search option?  More thorough search
  V              Number of trees to save?  10000
  J   Randomize input order of sequences?  Yes (seed =   58433, 10 times)
  O                        Outgroup root?  Yes, at sequence number  1
  T              Use Threshold parsimony?  No, use ordinary parsimony
  N           Use Transversion parsimony?  No, count all steps
  W                       Sites weighted?  No
  M           Analyze multiple data sets?  No
  I          Input sequences interleaved?  Yes
  0   Terminal type (IBM PC, ANSI, none)?  ANSI
  1    Print out the data at start of run  No
  2  Print indications of progress of run  Yes
  3                        Print out tree  Yes
  4          Print out steps in each site  Yes
  5  Print sequences at all nodes of tree  Yes
  .  Use dot-differencing to display them  Yes
  6       Write out trees onto tree file?  Yes

  Y to accept these or type the letter for one to change
[2J[H
DNA parsimony algorithm, version 3.697

Setting for this run:
  U                 Search for best tree?  Yes
  S                        Search option?  More thorough search
  V              Number of trees to save?  10000
  J   Randomize input order of sequences?  Yes (seed =   58433, 10 times)
  O                        Outgroup root?  Yes, at sequence number  1
  T              Use Threshold parsimony?  No, use ordinary parsimony
  N           Use Transversion parsimony?  No, count all steps
  W                       Sites weighted?  No
  M           Analyze multiple data sets?  No
  I          Input sequences interleaved?  Yes
  0   Terminal type (IBM PC, ANSI, none)?  ANSI
  1    Print out the data at start of run  No
  2  Print indications of progress of run  Yes
  3                        Print out tree  Yes
  4          Print out steps in each site  Yes
  5  Print sequences at all nodes of tree  Yes
  .  Use dot-differencing to display them  No
  6       Write out trees onto tree file?  Yes

  Y to accept these or type the letter for one to change
Adding species:
   1. seq1      
   2. seq2      
   3. naive     
   4. seq18     
   5. seq16     
   6. seq19     
   7. seq20     
   8. seq13     
   9. seq9      
  10. seq5      
  11. seq8      
  12. seq3      
  13. seq14     
  14. seq11     
  15. seq12     
  16. seq6      
  17. seq22     
  18. seq21     
  19. seq17     
  20. seq15     
  21. seq10     
  22. seq4      
  23. seq7      

Doing global rearrangements on all trees tied for best
  !---------------------------------------------!
   .............................................
   .............................................

Adding species:
   1. seq14     
   2. seq3      
   3. seq13     
   4. seq10     
   5. seq19     
   6. naive     
   7. seq4      
   8. seq16     
   9. seq6      
  10. seq11     
  11. seq7      
  12. seq8      
  13. seq21     
  14. seq9      
  15. seq5      
  16. seq15     
  17. seq2      
  18. seq1      
  19. seq12     
  20. seq17     
  21. seq20     
  22. seq22     
  23. seq18     

Doing global rearrangements on all trees tied for best
  !---------------------------------------------!
   .............................................

Adding species:
   1. seq21     
   2. seq20     
   3. seq15     
   4. seq14     
   5. seq9      
   6. seq11     
   7. seq1      
   8. seq16     
   9. seq19     
  10. seq18     
  11. seq4      
  12. seq3      
  13. seq6      
  14. seq22     
  15. seq7      
  16. seq8      
  17. naive     
  18. seq2      
  19. seq10     
  20. seq12     
  21. seq13     
  22. seq17     
  23. seq5      

Doing global rearrangements on all trees tied for best
  !---------------------------------------------!
   .............................................

Adding species:
   1. seq19     
   2. seq1      
   3. naive     
   4. seq5      
   5. seq9      
   6. seq13     
   7. seq20     
   8. seq21     
   9. seq17     
  10. seq8      
  11. seq3      
  12. seq12     
  13. seq14     
  14. seq22     
  15. seq15     
  16. seq18     
  17. seq11     
  18. seq7      
  19. seq6      
  20. seq16     
  21. seq2      
  22. seq4      
  23. seq10     

Doing global rearrangements on all trees tied for best
  !---------------------------------------------!
   .............................................

Adding species:
   1. seq13     
   2. seq18     
   3. seq6      
   4. naive     
   5. seq10     
   6. seq8      
   7. seq11     
   8. seq22     
   9. seq20     
  10. seq4      
  11. seq17     
  12. seq16     
  13. seq9      
  14. seq14     
  15. seq1      
  16. seq21     
  17. seq2      
  18. seq7      
  19. seq3      
  20. seq5      
  21. seq19     
  22. seq15     
  23. seq12     

Doing global rearrangements on all trees tied for best
  !---------------------------------------------!
   .............................................

Adding species:
   1. seq21     
   2. seq18     
   3. seq12     
   4. seq14     
   5. seq8      
   6. seq1      
   7. seq22     
   8. seq20     
   9. seq13     
  10. seq3      
  11. seq9      
  12. seq19     
  13. seq15     
  14. seq11     
  15. seq7      
  16. seq4      
  17. naive     
  18. seq2      
  19. seq17     
  20. seq5      
  21. seq6      
  22. seq10     
  23. seq16     

Doing global rearrangements on all trees tied for best
  !---------------------------------------------!
   .............................................

Adding species:
   1. seq6      
   2. seq7      
   3. seq14     
   4. naive     
   5. seq9      
   6. seq10     
   7. seq2      
   8. seq12     
   9. seq15     
  10. seq16     
  11. seq5      
  12. seq19     
  13. seq1      
  14. seq8      
  15. seq3      
  16. seq21     
  17. seq11     
  18. seq13     
  19. seq22     
  20. seq18     
  21. seq17     
  22. seq4      
  23. seq20     

Doing global rearrangements on all trees tied for best
  !---------------------------------------------!
   .............................................

Adding species:
   1. seq14     
   2. seq11     
   3. naive     
   4. seq12     
   5. seq2      
   6. seq20     
   7. seq22     
   8. seq16     
   9. seq10     
  10. seq4      
  11. seq21     
  12. seq19     
  13. seq5      
  14. seq18     
  15. seq9      
  16. seq17     
  17. seq1      
  18. seq3      
  19. seq7      
  20. seq8      
  21. seq6      
  22. seq15     
  23. seq13     

Doing global rearrangements on all trees tied for best
  !---------------------------------------------!
   .............................................

Adding species:
   1. seq21     
   2. seq22     
   3. seq11     
   4. seq18     
   5. seq5      
   6. seq1      
   7. seq6      
   8. seq7      
   9. seq4      
  10. seq3      
  11. seq2      
  12. seq12     
  13. seq9      
  14. seq8      
  15. naive     
  16. seq20     
  17. seq14     
  18. seq10     
  19. seq15     
  20. seq17     
  21. seq13     
  22. seq19     
  23. seq16     

Doing global rearrangements on all trees tied for best
  !---------------------------------------------!
   .............................................

Adding species:
   1. seq14     
   2. seq22     
   3. seq18     
   4. seq3      
   5. seq11     
   6. seq16     
   7. seq4      
   8. seq15     
   9. seq2      
  10. seq1      
  11. seq8      
  12. seq7      
  13. seq10     
  14. seq21     
  15. seq19     
  16. seq20     
  17. seq17     
  18. seq13     
  19. seq12     
  20. seq5      
  21. naive     
  22. seq9      
  23. seq6      

Doing global rearrangements on all trees tied for best
  !---------------------------------------------!
   .............................................

Collapsing best trees
   .

Output written to file "outfile"

Tree also written onto file "outtree"

Done.

