[2J[Hdnapars: can't find input file "infile"
Please enter a new file name> [2J[H
DNA parsimony algorithm, version 3.697

Setting for this run:
  U                 Search for best tree?  Yes
  S                        Search option?  More thorough search
  V              Number of trees to save?  10000
  J   Randomize input order of sequences?  No. Use input order
  O                        Outgroup root?  No, use as outgroup species  1
  T              Use Threshold parsimony?  No, use ordinary parsimony
  N           Use Transversion parsimony?  No, count all steps
  W                       Sites weighted?  No
  M           Analyze multiple data sets?  No
  I          Input sequences interleaved?  Yes
  0   Terminal type (IBM PC, ANSI, none)?  ANSI
  1    Print out the data at start of run  No
  2  Print indications of progress of run  Yes
  3                        Print out tree  Yes
  4          Print out steps in each site  No
  5  Print sequences at all nodes of tree  No
  6       Write out trees onto tree file?  Yes

  Y to accept these or type the letter for one to change

Random number seed (must be odd)?
Number of times to jumble?
[2J[H
DNA parsimony algorithm, version 3.697

Setting for this run:
  U                 Search for best tree?  Yes
  S                        Search option?  More thorough search
  V              Number of trees to save?  10000
  J   Randomize input order of sequences?  Yes (seed =  509031, 10 times)
  O                        Outgroup root?  No, use as outgroup species  1
  T              Use Threshold parsimony?  No, use ordinary parsimony
  N           Use Transversion parsimony?  No, count all steps
  W                       Sites weighted?  No
  M           Analyze multiple data sets?  No
  I          Input sequences interleaved?  Yes
  0   Terminal type (IBM PC, ANSI, none)?  ANSI
  1    Print out the data at start of run  No
  2  Print indications of progress of run  Yes
  3                        Print out tree  Yes
  4          Print out steps in each site  No
  5  Print sequences at all nodes of tree  No
  6       Write out trees onto tree file?  Yes

  Y to accept these or type the letter for one to change
Type number of the outgroup:
[2J[H
DNA parsimony algorithm, version 3.697

Setting for this run:
  U                 Search for best tree?  Yes
  S                        Search option?  More thorough search
  V              Number of trees to save?  10000
  J   Randomize input order of sequences?  Yes (seed =  509031, 10 times)
  O                        Outgroup root?  Yes, at sequence number  1
  T              Use Threshold parsimony?  No, use ordinary parsimony
  N           Use Transversion parsimony?  No, count all steps
  W                       Sites weighted?  No
  M           Analyze multiple data sets?  No
  I          Input sequences interleaved?  Yes
  0   Terminal type (IBM PC, ANSI, none)?  ANSI
  1    Print out the data at start of run  No
  2  Print indications of progress of run  Yes
  3                        Print out tree  Yes
  4          Print out steps in each site  No
  5  Print sequences at all nodes of tree  No
  6       Write out trees onto tree file?  Yes

  Y to accept these or type the letter for one to change
[2J[H
DNA parsimony algorithm, version 3.697

Setting for this run:
  U                 Search for best tree?  Yes
  S                        Search option?  More thorough search
  V              Number of trees to save?  10000
  J   Randomize input order of sequences?  Yes (seed =  509031, 10 times)
  O                        Outgroup root?  Yes, at sequence number  1
  T              Use Threshold parsimony?  No, use ordinary parsimony
  N           Use Transversion parsimony?  No, count all steps
  W                       Sites weighted?  No
  M           Analyze multiple data sets?  No
  I          Input sequences interleaved?  Yes
  0   Terminal type (IBM PC, ANSI, none)?  ANSI
  1    Print out the data at start of run  No
  2  Print indications of progress of run  Yes
  3                        Print out tree  Yes
  4          Print out steps in each site  Yes
  5  Print sequences at all nodes of tree  No
  6       Write out trees onto tree file?  Yes

  Y to accept these or type the letter for one to change
[2J[H
DNA parsimony algorithm, version 3.697

Setting for this run:
  U                 Search for best tree?  Yes
  S                        Search option?  More thorough search
  V              Number of trees to save?  10000
  J   Randomize input order of sequences?  Yes (seed =  509031, 10 times)
  O                        Outgroup root?  Yes, at sequence number  1
  T              Use Threshold parsimony?  No, use ordinary parsimony
  N           Use Transversion parsimony?  No, count all steps
  W                       Sites weighted?  No
  M           Analyze multiple data sets?  No
  I          Input sequences interleaved?  Yes
  0   Terminal type (IBM PC, ANSI, none)?  ANSI
  1    Print out the data at start of run  No
  2  Print indications of progress of run  Yes
  3                        Print out tree  Yes
  4          Print out steps in each site  Yes
  5  Print sequences at all nodes of tree  Yes
  .  Use dot-differencing to display them  Yes
  6       Write out trees onto tree file?  Yes

  Y to accept these or type the letter for one to change
[2J[H
DNA parsimony algorithm, version 3.697

Setting for this run:
  U                 Search for best tree?  Yes
  S                        Search option?  More thorough search
  V              Number of trees to save?  10000
  J   Randomize input order of sequences?  Yes (seed =  509031, 10 times)
  O                        Outgroup root?  Yes, at sequence number  1
  T              Use Threshold parsimony?  No, use ordinary parsimony
  N           Use Transversion parsimony?  No, count all steps
  W                       Sites weighted?  No
  M           Analyze multiple data sets?  No
  I          Input sequences interleaved?  Yes
  0   Terminal type (IBM PC, ANSI, none)?  ANSI
  1    Print out the data at start of run  No
  2  Print indications of progress of run  Yes
  3                        Print out tree  Yes
  4          Print out steps in each site  Yes
  5  Print sequences at all nodes of tree  Yes
  .  Use dot-differencing to display them  No
  6       Write out trees onto tree file?  Yes

  Y to accept these or type the letter for one to change
Adding species:
   1. seq9      
   2. seq6      
   3. seq7      
   4. naive     
   5. seq16     
   6. seq14     
   7. seq8      
   8. seq11     
   9. seq12     
  10. seq13     
  11. seq4      
  12. seq2      
  13. seq3      
  14. seq5      
  15. seq15     
  16. seq1      
  17. seq10     

Doing global rearrangements on all trees tied for best
  !---------------------------------!
   .................................
   .................................

Adding species:
   1. seq14     
   2. seq5      
   3. seq6      
   4. seq11     
   5. seq8      
   6. seq4      
   7. seq3      
   8. seq13     
   9. seq1      
  10. seq16     
  11. seq9      
  12. seq2      
  13. seq10     
  14. naive     
  15. seq15     
  16. seq12     
  17. seq7      

Doing global rearrangements on all trees tied for best
  !---------------------------------!
   .................................

Adding species:
   1. seq13     
   2. seq10     
   3. seq2      
   4. seq11     
   5. seq14     
   6. seq5      
   7. seq15     
   8. seq9      
   9. seq8      
  10. naive     
  11. seq4      
  12. seq12     
  13. seq7      
  14. seq3      
  15. seq1      
  16. seq6      
  17. seq16     

Doing global rearrangements on all trees tied for best
  !---------------------------------!
   .................................

Adding species:
   1. seq6      
   2. seq11     
   3. naive     
   4. seq7      
   5. seq15     
   6. seq10     
   7. seq12     
   8. seq2      
   9. seq16     
  10. seq8      
  11. seq1      
  12. seq14     
  13. seq9      
  14. seq5      
  15. seq3      
  16. seq4      
  17. seq13     

Doing global rearrangements on all trees tied for best
  !---------------------------------!
   .................................

Adding species:
   1. seq7      
   2. seq11     
   3. seq5      
   4. seq2      
   5. naive     
   6. seq4      
   7. seq10     
   8. seq16     
   9. seq15     
  10. seq3      
  11. seq6      
  12. seq1      
  13. seq14     
  14. seq9      
  15. seq13     
  16. seq12     
  17. seq8      

Doing global rearrangements on all trees tied for best
  !---------------------------------!
   .................................

Adding species:
   1. seq4      
   2. seq2      
   3. seq10     
   4. seq12     
   5. seq5      
   6. seq15     
   7. seq1      
   8. seq14     
   9. seq11     
  10. seq6      
  11. seq9      
  12. seq3      
  13. seq8      
  14. seq13     
  15. seq7      
  16. naive     
  17. seq16     

Doing global rearrangements on all trees tied for best
  !---------------------------------!
   .................................

Adding species:
   1. seq1      
   2. seq2      
   3. seq15     
   4. seq10     
   5. seq16     
   6. seq5      
   7. seq4      
   8. naive     
   9. seq6      
  10. seq7      
  11. seq9      
  12. seq3      
  13. seq13     
  14. seq14     
  15. seq8      
  16. seq12     
  17. seq11     

Doing global rearrangements on all trees tied for best
  !---------------------------------!
   .................................

Adding species:
   1. seq2      
   2. seq5      
   3. naive     
   4. seq1      
   5. seq16     
   6. seq11     
   7. seq15     
   8. seq14     
   9. seq13     
  10. seq9      
  11. seq3      
  12. seq10     
  13. seq7      
  14. seq4      
  15. seq6      
  16. seq12     
  17. seq8      

Doing global rearrangements on all trees tied for best
  !---------------------------------!
   .................................

Adding species:
   1. seq1      
   2. seq4      
   3. seq7      
   4. seq15     
   5. seq13     
   6. seq14     
   7. seq6      
   8. seq11     
   9. seq8      
  10. seq3      
  11. seq9      
  12. seq2      
  13. seq12     
  14. seq5      
  15. naive     
  16. seq16     
  17. seq10     

Doing global rearrangements on all trees tied for best
  !---------------------------------!
   .................................

Adding species:
   1. seq16     
   2. seq3      
   3. seq11     
   4. seq4      
   5. seq1      
   6. seq10     
   7. seq2      
   8. seq13     
   9. seq7      
  10. seq5      
  11. seq9      
  12. seq15     
  13. seq8      
  14. seq12     
  15. seq14     
  16. seq6      
  17. naive     

Doing global rearrangements on all trees tied for best
  !---------------------------------!
   .................................

Collapsing best trees
   .

Output written to file "outfile"

Tree also written onto file "outtree"

Done.

