[2J[Hdnapars: can't find input file "infile"
Please enter a new file name> [2J[H
DNA parsimony algorithm, version 3.697

Setting for this run:
  U                 Search for best tree?  Yes
  S                        Search option?  More thorough search
  V              Number of trees to save?  10000
  J   Randomize input order of sequences?  No. Use input order
  O                        Outgroup root?  No, use as outgroup species  1
  T              Use Threshold parsimony?  No, use ordinary parsimony
  N           Use Transversion parsimony?  No, count all steps
  W                       Sites weighted?  No
  M           Analyze multiple data sets?  No
  I          Input sequences interleaved?  Yes
  0   Terminal type (IBM PC, ANSI, none)?  ANSI
  1    Print out the data at start of run  No
  2  Print indications of progress of run  Yes
  3                        Print out tree  Yes
  4          Print out steps in each site  No
  5  Print sequences at all nodes of tree  No
  6       Write out trees onto tree file?  Yes

  Y to accept these or type the letter for one to change

Random number seed (must be odd)?
Number of times to jumble?
[2J[H
DNA parsimony algorithm, version 3.697

Setting for this run:
  U                 Search for best tree?  Yes
  S                        Search option?  More thorough search
  V              Number of trees to save?  10000
  J   Randomize input order of sequences?  Yes (seed =  376113, 10 times)
  O                        Outgroup root?  No, use as outgroup species  1
  T              Use Threshold parsimony?  No, use ordinary parsimony
  N           Use Transversion parsimony?  No, count all steps
  W                       Sites weighted?  No
  M           Analyze multiple data sets?  No
  I          Input sequences interleaved?  Yes
  0   Terminal type (IBM PC, ANSI, none)?  ANSI
  1    Print out the data at start of run  No
  2  Print indications of progress of run  Yes
  3                        Print out tree  Yes
  4          Print out steps in each site  No
  5  Print sequences at all nodes of tree  No
  6       Write out trees onto tree file?  Yes

  Y to accept these or type the letter for one to change
Type number of the outgroup:
[2J[H
DNA parsimony algorithm, version 3.697

Setting for this run:
  U                 Search for best tree?  Yes
  S                        Search option?  More thorough search
  V              Number of trees to save?  10000
  J   Randomize input order of sequences?  Yes (seed =  376113, 10 times)
  O                        Outgroup root?  Yes, at sequence number  1
  T              Use Threshold parsimony?  No, use ordinary parsimony
  N           Use Transversion parsimony?  No, count all steps
  W                       Sites weighted?  No
  M           Analyze multiple data sets?  No
  I          Input sequences interleaved?  Yes
  0   Terminal type (IBM PC, ANSI, none)?  ANSI
  1    Print out the data at start of run  No
  2  Print indications of progress of run  Yes
  3                        Print out tree  Yes
  4          Print out steps in each site  No
  5  Print sequences at all nodes of tree  No
  6       Write out trees onto tree file?  Yes

  Y to accept these or type the letter for one to change
[2J[H
DNA parsimony algorithm, version 3.697

Setting for this run:
  U                 Search for best tree?  Yes
  S                        Search option?  More thorough search
  V              Number of trees to save?  10000
  J   Randomize input order of sequences?  Yes (seed =  376113, 10 times)
  O                        Outgroup root?  Yes, at sequence number  1
  T              Use Threshold parsimony?  No, use ordinary parsimony
  N           Use Transversion parsimony?  No, count all steps
  W                       Sites weighted?  No
  M           Analyze multiple data sets?  No
  I          Input sequences interleaved?  Yes
  0   Terminal type (IBM PC, ANSI, none)?  ANSI
  1    Print out the data at start of run  No
  2  Print indications of progress of run  Yes
  3                        Print out tree  Yes
  4          Print out steps in each site  Yes
  5  Print sequences at all nodes of tree  No
  6       Write out trees onto tree file?  Yes

  Y to accept these or type the letter for one to change
[2J[H
DNA parsimony algorithm, version 3.697

Setting for this run:
  U                 Search for best tree?  Yes
  S                        Search option?  More thorough search
  V              Number of trees to save?  10000
  J   Randomize input order of sequences?  Yes (seed =  376113, 10 times)
  O                        Outgroup root?  Yes, at sequence number  1
  T              Use Threshold parsimony?  No, use ordinary parsimony
  N           Use Transversion parsimony?  No, count all steps
  W                       Sites weighted?  No
  M           Analyze multiple data sets?  No
  I          Input sequences interleaved?  Yes
  0   Terminal type (IBM PC, ANSI, none)?  ANSI
  1    Print out the data at start of run  No
  2  Print indications of progress of run  Yes
  3                        Print out tree  Yes
  4          Print out steps in each site  Yes
  5  Print sequences at all nodes of tree  Yes
  .  Use dot-differencing to display them  Yes
  6       Write out trees onto tree file?  Yes

  Y to accept these or type the letter for one to change
[2J[H
DNA parsimony algorithm, version 3.697

Setting for this run:
  U                 Search for best tree?  Yes
  S                        Search option?  More thorough search
  V              Number of trees to save?  10000
  J   Randomize input order of sequences?  Yes (seed =  376113, 10 times)
  O                        Outgroup root?  Yes, at sequence number  1
  T              Use Threshold parsimony?  No, use ordinary parsimony
  N           Use Transversion parsimony?  No, count all steps
  W                       Sites weighted?  No
  M           Analyze multiple data sets?  No
  I          Input sequences interleaved?  Yes
  0   Terminal type (IBM PC, ANSI, none)?  ANSI
  1    Print out the data at start of run  No
  2  Print indications of progress of run  Yes
  3                        Print out tree  Yes
  4          Print out steps in each site  Yes
  5  Print sequences at all nodes of tree  Yes
  .  Use dot-differencing to display them  No
  6       Write out trees onto tree file?  Yes

  Y to accept these or type the letter for one to change
Adding species:
   1. seq17     
   2. seq10     
   3. seq12     
   4. seq8      
   5. seq16     
   6. seq1      
   7. seq5      
   8. seq18     
   9. seq4      
  10. seq14     
  11. seq9      
  12. seq3      
  13. seq2      
  14. seq13     
  15. seq11     
  16. naive     
  17. seq6      
  18. seq7      
  19. seq15     

Doing global rearrangements on all trees tied for best
  !-------------------------------------!
   .....................................
   .....................................

Adding species:
   1. seq3      
   2. seq14     
   3. seq9      
   4. seq2      
   5. seq13     
   6. seq7      
   7. seq12     
   8. seq18     
   9. seq15     
  10. naive     
  11. seq1      
  12. seq17     
  13. seq6      
  14. seq11     
  15. seq10     
  16. seq16     
  17. seq8      
  18. seq5      
  19. seq4      

Doing global rearrangements on all trees tied for best
  !-------------------------------------!
   .....................................

Adding species:
   1. seq4      
   2. seq12     
   3. seq1      
   4. seq17     
   5. seq6      
   6. seq10     
   7. seq7      
   8. seq8      
   9. seq18     
  10. seq9      
  11. seq13     
  12. seq16     
  13. naive     
  14. seq11     
  15. seq14     
  16. seq15     
  17. seq2      
  18. seq3      
  19. seq5      

Doing global rearrangements on all trees tied for best
  !-------------------------------------!
   .....................................

Adding species:
   1. seq4      
   2. seq12     
   3. seq18     
   4. seq10     
   5. seq1      
   6. seq6      
   7. seq8      
   8. seq13     
   9. seq11     
  10. seq7      
  11. naive     
  12. seq2      
  13. seq9      
  14. seq5      
  15. seq3      
  16. seq14     
  17. seq16     
  18. seq17     
  19. seq15     

Doing global rearrangements on all trees tied for best
  !-------------------------------------!
   .....................................

Adding species:
   1. seq16     
   2. seq9      
   3. naive     
   4. seq15     
   5. seq1      
   6. seq13     
   7. seq10     
   8. seq4      
   9. seq3      
  10. seq17     
  11. seq14     
  12. seq11     
  13. seq5      
  14. seq2      
  15. seq18     
  16. seq6      
  17. seq12     
  18. seq8      
  19. seq7      

Doing global rearrangements on all trees tied for best
  !-------------------------------------!
   .....................................

Adding species:
   1. seq17     
   2. seq3      
   3. naive     
   4. seq8      
   5. seq9      
   6. seq7      
   7. seq1      
   8. seq15     
   9. seq6      
  10. seq2      
  11. seq4      
  12. seq11     
  13. seq10     
  14. seq18     
  15. seq14     
  16. seq12     
  17. seq13     
  18. seq16     
  19. seq5      

Doing global rearrangements on all trees tied for best
  !-------------------------------------!
   .....................................

Adding species:
   1. seq12     
   2. seq15     
   3. seq1      
   4. seq11     
   5. seq3      
   6. seq9      
   7. seq2      
   8. seq5      
   9. seq17     
  10. seq8      
  11. seq4      
  12. seq14     
  13. seq18     
  14. seq6      
  15. seq16     
  16. naive     
  17. seq7      
  18. seq10     
  19. seq13     

Doing global rearrangements on all trees tied for best
  !-------------------------------------!
   .....................................

Adding species:
   1. seq1      
   2. seq16     
   3. seq3      
   4. seq9      
   5. seq2      
   6. seq6      
   7. seq12     
   8. seq7      
   9. seq13     
  10. naive     
  11. seq8      
  12. seq10     
  13. seq4      
  14. seq11     
  15. seq15     
  16. seq17     
  17. seq5      
  18. seq18     
  19. seq14     

Doing global rearrangements on all trees tied for best
  !-------------------------------------!
   .....................................

Adding species:
   1. seq14     
   2. seq17     
   3. seq15     
   4. seq12     
   5. seq1      
   6. seq7      
   7. seq8      
   8. seq18     
   9. seq2      
  10. seq3      
  11. seq4      
  12. seq10     
  13. seq5      
  14. naive     
  15. seq13     
  16. seq16     
  17. seq11     
  18. seq9      
  19. seq6      

Doing global rearrangements on all trees tied for best
  !-------------------------------------!
   .....................................

Adding species:
   1. seq4      
   2. seq8      
   3. seq10     
   4. seq5      
   5. seq12     
   6. seq13     
   7. seq18     
   8. seq7      
   9. naive     
  10. seq9      
  11. seq1      
  12. seq14     
  13. seq6      
  14. seq11     
  15. seq15     
  16. seq17     
  17. seq3      
  18. seq2      
  19. seq16     

Doing global rearrangements on all trees tied for best
  !-------------------------------------!
   .....................................

Collapsing best trees
   .

Output written to file "outfile"

Tree also written onto file "outtree"

Done.

