[2J[Hdnapars: can't find input file "infile"
Please enter a new file name> [2J[H
DNA parsimony algorithm, version 3.697

Setting for this run:
  U                 Search for best tree?  Yes
  S                        Search option?  More thorough search
  V              Number of trees to save?  10000
  J   Randomize input order of sequences?  No. Use input order
  O                        Outgroup root?  No, use as outgroup species  1
  T              Use Threshold parsimony?  No, use ordinary parsimony
  N           Use Transversion parsimony?  No, count all steps
  W                       Sites weighted?  No
  M           Analyze multiple data sets?  No
  I          Input sequences interleaved?  Yes
  0   Terminal type (IBM PC, ANSI, none)?  ANSI
  1    Print out the data at start of run  No
  2  Print indications of progress of run  Yes
  3                        Print out tree  Yes
  4          Print out steps in each site  No
  5  Print sequences at all nodes of tree  No
  6       Write out trees onto tree file?  Yes

  Y to accept these or type the letter for one to change

Random number seed (must be odd)?
Number of times to jumble?
[2J[H
DNA parsimony algorithm, version 3.697

Setting for this run:
  U                 Search for best tree?  Yes
  S                        Search option?  More thorough search
  V              Number of trees to save?  10000
  J   Randomize input order of sequences?  Yes (seed = 1022513, 10 times)
  O                        Outgroup root?  No, use as outgroup species  1
  T              Use Threshold parsimony?  No, use ordinary parsimony
  N           Use Transversion parsimony?  No, count all steps
  W                       Sites weighted?  No
  M           Analyze multiple data sets?  No
  I          Input sequences interleaved?  Yes
  0   Terminal type (IBM PC, ANSI, none)?  ANSI
  1    Print out the data at start of run  No
  2  Print indications of progress of run  Yes
  3                        Print out tree  Yes
  4          Print out steps in each site  No
  5  Print sequences at all nodes of tree  No
  6       Write out trees onto tree file?  Yes

  Y to accept these or type the letter for one to change
Type number of the outgroup:
[2J[H
DNA parsimony algorithm, version 3.697

Setting for this run:
  U                 Search for best tree?  Yes
  S                        Search option?  More thorough search
  V              Number of trees to save?  10000
  J   Randomize input order of sequences?  Yes (seed = 1022513, 10 times)
  O                        Outgroup root?  Yes, at sequence number  1
  T              Use Threshold parsimony?  No, use ordinary parsimony
  N           Use Transversion parsimony?  No, count all steps
  W                       Sites weighted?  No
  M           Analyze multiple data sets?  No
  I          Input sequences interleaved?  Yes
  0   Terminal type (IBM PC, ANSI, none)?  ANSI
  1    Print out the data at start of run  No
  2  Print indications of progress of run  Yes
  3                        Print out tree  Yes
  4          Print out steps in each site  No
  5  Print sequences at all nodes of tree  No
  6       Write out trees onto tree file?  Yes

  Y to accept these or type the letter for one to change
[2J[H
DNA parsimony algorithm, version 3.697

Setting for this run:
  U                 Search for best tree?  Yes
  S                        Search option?  More thorough search
  V              Number of trees to save?  10000
  J   Randomize input order of sequences?  Yes (seed = 1022513, 10 times)
  O                        Outgroup root?  Yes, at sequence number  1
  T              Use Threshold parsimony?  No, use ordinary parsimony
  N           Use Transversion parsimony?  No, count all steps
  W                       Sites weighted?  No
  M           Analyze multiple data sets?  No
  I          Input sequences interleaved?  Yes
  0   Terminal type (IBM PC, ANSI, none)?  ANSI
  1    Print out the data at start of run  No
  2  Print indications of progress of run  Yes
  3                        Print out tree  Yes
  4          Print out steps in each site  Yes
  5  Print sequences at all nodes of tree  No
  6       Write out trees onto tree file?  Yes

  Y to accept these or type the letter for one to change
[2J[H
DNA parsimony algorithm, version 3.697

Setting for this run:
  U                 Search for best tree?  Yes
  S                        Search option?  More thorough search
  V              Number of trees to save?  10000
  J   Randomize input order of sequences?  Yes (seed = 1022513, 10 times)
  O                        Outgroup root?  Yes, at sequence number  1
  T              Use Threshold parsimony?  No, use ordinary parsimony
  N           Use Transversion parsimony?  No, count all steps
  W                       Sites weighted?  No
  M           Analyze multiple data sets?  No
  I          Input sequences interleaved?  Yes
  0   Terminal type (IBM PC, ANSI, none)?  ANSI
  1    Print out the data at start of run  No
  2  Print indications of progress of run  Yes
  3                        Print out tree  Yes
  4          Print out steps in each site  Yes
  5  Print sequences at all nodes of tree  Yes
  .  Use dot-differencing to display them  Yes
  6       Write out trees onto tree file?  Yes

  Y to accept these or type the letter for one to change
[2J[H
DNA parsimony algorithm, version 3.697

Setting for this run:
  U                 Search for best tree?  Yes
  S                        Search option?  More thorough search
  V              Number of trees to save?  10000
  J   Randomize input order of sequences?  Yes (seed = 1022513, 10 times)
  O                        Outgroup root?  Yes, at sequence number  1
  T              Use Threshold parsimony?  No, use ordinary parsimony
  N           Use Transversion parsimony?  No, count all steps
  W                       Sites weighted?  No
  M           Analyze multiple data sets?  No
  I          Input sequences interleaved?  Yes
  0   Terminal type (IBM PC, ANSI, none)?  ANSI
  1    Print out the data at start of run  No
  2  Print indications of progress of run  Yes
  3                        Print out tree  Yes
  4          Print out steps in each site  Yes
  5  Print sequences at all nodes of tree  Yes
  .  Use dot-differencing to display them  No
  6       Write out trees onto tree file?  Yes

  Y to accept these or type the letter for one to change
Adding species:
   1. seq5      
   2. seq1      
   3. seq16     
   4. ighv      
   5. seq18     
   6. seq2      
   7. seq15     
   8. seq8      
   9. seq20     
  10. seq17     
  11. seq3      
  12. seq10     
  13. seq13     
  14. seq11     
  15. seq14     
  16. seq6      
  17. seq19     
  18. seq4      
  19. seq12     
  20. seq7      
  21. seq9      

Doing global rearrangements on all trees tied for best
  !-----------------------------------------!
   .........................................
   .........................................
   .........................................
   .........................................

Adding species:
   1. seq15     
   2. seq1      
   3. seq16     
   4. seq5      
   5. seq19     
   6. seq11     
   7. seq10     
   8. seq6      
   9. seq4      
  10. seq17     
  11. seq20     
  12. seq2      
  13. seq7      
  14. seq14     
  15. ighv      
  16. seq13     
  17. seq18     
  18. seq3      
  19. seq12     
  20. seq9      
  21. seq8      

Doing global rearrangements on all trees tied for best
  !-----------------------------------------!
   .........................................

Adding species:
   1. seq10     
   2. seq18     
   3. seq5      
   4. seq11     
   5. seq12     
   6. seq20     
   7. seq4      
   8. seq7      
   9. seq13     
  10. seq6      
  11. seq16     
  12. seq9      
  13. seq15     
  14. seq8      
  15. seq2      
  16. seq19     
  17. ighv      
  18. seq14     
  19. seq17     
  20. seq1      
  21. seq3      

Doing global rearrangements on all trees tied for best
  !-----------------------------------------!
   .........................................

Adding species:
   1. seq6      
   2. seq5      
   3. seq7      
   4. seq10     
   5. seq14     
   6. seq13     
   7. seq17     
   8. seq18     
   9. ighv      
  10. seq1      
  11. seq16     
  12. seq20     
  13. seq4      
  14. seq2      
  15. seq9      
  16. seq8      
  17. seq12     
  18. seq3      
  19. seq15     
  20. seq11     
  21. seq19     

Doing global rearrangements on all trees tied for best
  !-----------------------------------------!
   .........................................
   .........................................

Adding species:
   1. seq11     
   2. seq6      
   3. seq16     
   4. seq8      
   5. seq20     
   6. seq17     
   7. seq13     
   8. seq12     
   9. seq1      
  10. seq2      
  11. seq18     
  12. seq5      
  13. ighv      
  14. seq7      
  15. seq14     
  16. seq9      
  17. seq19     
  18. seq3      
  19. seq4      
  20. seq15     
  21. seq10     

Doing global rearrangements on all trees tied for best
  !-----------------------------------------!
   .........................................

Adding species:
   1. seq9      
   2. seq11     
   3. seq14     
   4. seq7      
   5. seq19     
   6. seq3      
   7. seq8      
   8. seq13     
   9. seq4      
  10. seq16     
  11. seq20     
  12. seq12     
  13. seq2      
  14. seq15     
  15. seq18     
  16. ighv      
  17. seq6      
  18. seq5      
  19. seq1      
  20. seq10     
  21. seq17     

Doing global rearrangements on all trees tied for best
  !-----------------------------------------!
   .........................................

Adding species:
   1. seq14     
   2. ighv      
   3. seq7      
   4. seq11     
   5. seq19     
   6. seq9      
   7. seq15     
   8. seq12     
   9. seq1      
  10. seq16     
  11. seq13     
  12. seq18     
  13. seq5      
  14. seq10     
  15. seq20     
  16. seq2      
  17. seq8      
  18. seq17     
  19. seq4      
  20. seq3      
  21. seq6      

Doing global rearrangements on all trees tied for best
  !-----------------------------------------!
   .........................................

Adding species:
   1. ighv      
   2. seq5      
   3. seq13     
   4. seq11     
   5. seq2      
   6. seq10     
   7. seq9      
   8. seq19     
   9. seq16     
  10. seq1      
  11. seq18     
  12. seq17     
  13. seq7      
  14. seq20     
  15. seq12     
  16. seq15     
  17. seq14     
  18. seq8      
  19. seq4      
  20. seq3      
  21. seq6      

Doing global rearrangements on all trees tied for best
  !-----------------------------------------!
   .........................................

Adding species:
   1. seq10     
   2. seq8      
   3. seq6      
   4. seq5      
   5. seq16     
   6. seq19     
   7. seq9      
   8. seq20     
   9. seq15     
  10. seq4      
  11. seq18     
  12. seq12     
  13. seq1      
  14. seq13     
  15. seq17     
  16. seq3      
  17. seq14     
  18. seq2      
  19. seq11     
  20. seq7      
  21. ighv      

Doing global rearrangements on all trees tied for best
  !-----------------------------------------!
   .........................................

Adding species:
   1. seq10     
   2. seq5      
   3. ighv      
   4. seq1      
   5. seq2      
   6. seq14     
   7. seq18     
   8. seq9      
   9. seq11     
  10. seq20     
  11. seq15     
  12. seq12     
  13. seq8      
  14. seq19     
  15. seq17     
  16. seq13     
  17. seq6      
  18. seq7      
  19. seq3      
  20. seq4      
  21. seq16     

Doing global rearrangements on all trees tied for best
  !-----------------------------------------!
   .........................................
   .........................................

Collapsing best trees
   .....

Output written to file "outfile"

Trees also written onto file "outtree"

Done.

