[2J[Hdnapars: can't find input file "infile"
Please enter a new file name> [2J[H
DNA parsimony algorithm, version 3.697

Setting for this run:
  U                 Search for best tree?  Yes
  S                        Search option?  More thorough search
  V              Number of trees to save?  10000
  J   Randomize input order of sequences?  No. Use input order
  O                        Outgroup root?  No, use as outgroup species  1
  T              Use Threshold parsimony?  No, use ordinary parsimony
  N           Use Transversion parsimony?  No, count all steps
  W                       Sites weighted?  No
  M           Analyze multiple data sets?  No
  I          Input sequences interleaved?  Yes
  0   Terminal type (IBM PC, ANSI, none)?  ANSI
  1    Print out the data at start of run  No
  2  Print indications of progress of run  Yes
  3                        Print out tree  Yes
  4          Print out steps in each site  No
  5  Print sequences at all nodes of tree  No
  6       Write out trees onto tree file?  Yes

  Y to accept these or type the letter for one to change

Random number seed (must be odd)?
Number of times to jumble?
[2J[H
DNA parsimony algorithm, version 3.697

Setting for this run:
  U                 Search for best tree?  Yes
  S                        Search option?  More thorough search
  V              Number of trees to save?  10000
  J   Randomize input order of sequences?  Yes (seed =   77705, 10 times)
  O                        Outgroup root?  No, use as outgroup species  1
  T              Use Threshold parsimony?  No, use ordinary parsimony
  N           Use Transversion parsimony?  No, count all steps
  W                       Sites weighted?  No
  M           Analyze multiple data sets?  No
  I          Input sequences interleaved?  Yes
  0   Terminal type (IBM PC, ANSI, none)?  ANSI
  1    Print out the data at start of run  No
  2  Print indications of progress of run  Yes
  3                        Print out tree  Yes
  4          Print out steps in each site  No
  5  Print sequences at all nodes of tree  No
  6       Write out trees onto tree file?  Yes

  Y to accept these or type the letter for one to change
Type number of the outgroup:
[2J[H
DNA parsimony algorithm, version 3.697

Setting for this run:
  U                 Search for best tree?  Yes
  S                        Search option?  More thorough search
  V              Number of trees to save?  10000
  J   Randomize input order of sequences?  Yes (seed =   77705, 10 times)
  O                        Outgroup root?  Yes, at sequence number  1
  T              Use Threshold parsimony?  No, use ordinary parsimony
  N           Use Transversion parsimony?  No, count all steps
  W                       Sites weighted?  No
  M           Analyze multiple data sets?  No
  I          Input sequences interleaved?  Yes
  0   Terminal type (IBM PC, ANSI, none)?  ANSI
  1    Print out the data at start of run  No
  2  Print indications of progress of run  Yes
  3                        Print out tree  Yes
  4          Print out steps in each site  No
  5  Print sequences at all nodes of tree  No
  6       Write out trees onto tree file?  Yes

  Y to accept these or type the letter for one to change
[2J[H
DNA parsimony algorithm, version 3.697

Setting for this run:
  U                 Search for best tree?  Yes
  S                        Search option?  More thorough search
  V              Number of trees to save?  10000
  J   Randomize input order of sequences?  Yes (seed =   77705, 10 times)
  O                        Outgroup root?  Yes, at sequence number  1
  T              Use Threshold parsimony?  No, use ordinary parsimony
  N           Use Transversion parsimony?  No, count all steps
  W                       Sites weighted?  No
  M           Analyze multiple data sets?  No
  I          Input sequences interleaved?  Yes
  0   Terminal type (IBM PC, ANSI, none)?  ANSI
  1    Print out the data at start of run  No
  2  Print indications of progress of run  Yes
  3                        Print out tree  Yes
  4          Print out steps in each site  Yes
  5  Print sequences at all nodes of tree  No
  6       Write out trees onto tree file?  Yes

  Y to accept these or type the letter for one to change
[2J[H
DNA parsimony algorithm, version 3.697

Setting for this run:
  U                 Search for best tree?  Yes
  S                        Search option?  More thorough search
  V              Number of trees to save?  10000
  J   Randomize input order of sequences?  Yes (seed =   77705, 10 times)
  O                        Outgroup root?  Yes, at sequence number  1
  T              Use Threshold parsimony?  No, use ordinary parsimony
  N           Use Transversion parsimony?  No, count all steps
  W                       Sites weighted?  No
  M           Analyze multiple data sets?  No
  I          Input sequences interleaved?  Yes
  0   Terminal type (IBM PC, ANSI, none)?  ANSI
  1    Print out the data at start of run  No
  2  Print indications of progress of run  Yes
  3                        Print out tree  Yes
  4          Print out steps in each site  Yes
  5  Print sequences at all nodes of tree  Yes
  .  Use dot-differencing to display them  Yes
  6       Write out trees onto tree file?  Yes

  Y to accept these or type the letter for one to change
[2J[H
DNA parsimony algorithm, version 3.697

Setting for this run:
  U                 Search for best tree?  Yes
  S                        Search option?  More thorough search
  V              Number of trees to save?  10000
  J   Randomize input order of sequences?  Yes (seed =   77705, 10 times)
  O                        Outgroup root?  Yes, at sequence number  1
  T              Use Threshold parsimony?  No, use ordinary parsimony
  N           Use Transversion parsimony?  No, count all steps
  W                       Sites weighted?  No
  M           Analyze multiple data sets?  No
  I          Input sequences interleaved?  Yes
  0   Terminal type (IBM PC, ANSI, none)?  ANSI
  1    Print out the data at start of run  No
  2  Print indications of progress of run  Yes
  3                        Print out tree  Yes
  4          Print out steps in each site  Yes
  5  Print sequences at all nodes of tree  Yes
  .  Use dot-differencing to display them  No
  6       Write out trees onto tree file?  Yes

  Y to accept these or type the letter for one to change
Adding species:
   1. seq12     
   2. seq14     
   3. seq17     
   4. seq11     
   5. naive     
   6. seq19     
   7. seq8      
   8. seq6      
   9. seq10     
  10. seq18     
  11. seq5      
  12. seq4      
  13. seq9      
  14. seq21     
  15. seq16     
  16. seq3      
  17. seq15     
  18. seq1      
  19. seq2      
  20. seq20     
  21. seq7      
  22. seq13     

Doing global rearrangements on all trees tied for best
  !-------------------------------------------!
   ...........................................
   ...........................................

Adding species:
   1. seq18     
   2. seq14     
   3. seq17     
   4. seq21     
   5. seq6      
   6. seq4      
   7. seq8      
   8. seq9      
   9. seq11     
  10. seq15     
  11. seq20     
  12. seq19     
  13. seq12     
  14. seq16     
  15. seq7      
  16. seq2      
  17. seq5      
  18. seq10     
  19. seq1      
  20. seq3      
  21. naive     
  22. seq13     

Doing global rearrangements on all trees tied for best
  !-------------------------------------------!
   ...........................................

Adding species:
   1. seq11     
   2. seq9      
   3. seq5      
   4. seq16     
   5. seq21     
   6. seq17     
   7. seq14     
   8. seq15     
   9. seq12     
  10. seq6      
  11. seq2      
  12. seq10     
  13. seq4      
  14. seq8      
  15. seq7      
  16. seq19     
  17. seq13     
  18. naive     
  19. seq18     
  20. seq1      
  21. seq3      
  22. seq20     

Doing global rearrangements on all trees tied for best
  !-------------------------------------------!
   ...........................................

Adding species:
   1. seq16     
   2. seq17     
   3. seq19     
   4. seq4      
   5. seq15     
   6. seq3      
   7. seq13     
   8. seq18     
   9. seq10     
  10. seq2      
  11. seq1      
  12. seq20     
  13. naive     
  14. seq9      
  15. seq14     
  16. seq12     
  17. seq6      
  18. seq8      
  19. seq7      
  20. seq21     
  21. seq5      
  22. seq11     

Doing global rearrangements on all trees tied for best
  !-------------------------------------------!
   ...........................................

Adding species:
   1. seq9      
   2. seq6      
   3. seq18     
   4. seq7      
   5. seq13     
   6. seq12     
   7. seq10     
   8. seq15     
   9. seq16     
  10. seq5      
  11. seq19     
  12. seq3      
  13. seq1      
  14. seq11     
  15. seq17     
  16. seq8      
  17. seq2      
  18. seq4      
  19. naive     
  20. seq14     
  21. seq20     
  22. seq21     

Doing global rearrangements on all trees tied for best
  !-------------------------------------------!
   ...........................................

Adding species:
   1. seq7      
   2. seq1      
   3. seq2      
   4. seq12     
   5. seq14     
   6. seq6      
   7. seq3      
   8. seq10     
   9. seq15     
  10. seq8      
  11. seq21     
  12. seq4      
  13. seq13     
  14. naive     
  15. seq16     
  16. seq19     
  17. seq18     
  18. seq9      
  19. seq11     
  20. seq17     
  21. seq20     
  22. seq5      

Doing global rearrangements on all trees tied for best
  !-------------------------------------------!
   ...........................................

Adding species:
   1. seq16     
   2. seq4      
   3. seq15     
   4. seq5      
   5. seq8      
   6. naive     
   7. seq2      
   8. seq1      
   9. seq20     
  10. seq19     
  11. seq21     
  12. seq11     
  13. seq9      
  14. seq10     
  15. seq7      
  16. seq3      
  17. seq14     
  18. seq18     
  19. seq13     
  20. seq12     
  21. seq17     
  22. seq6      

Doing global rearrangements on all trees tied for best
  !-------------------------------------------!
   ...........................................

Adding species:
   1. seq7      
   2. seq15     
   3. seq18     
   4. seq6      
   5. seq21     
   6. seq1      
   7. seq5      
   8. seq20     
   9. seq4      
  10. seq9      
  11. seq13     
  12. seq11     
  13. seq12     
  14. seq14     
  15. seq3      
  16. naive     
  17. seq16     
  18. seq2      
  19. seq19     
  20. seq17     
  21. seq8      
  22. seq10     

Doing global rearrangements on all trees tied for best
  !-------------------------------------------!
   ...........................................

Adding species:
   1. seq21     
   2. seq7      
   3. seq20     
   4. seq9      
   5. seq8      
   6. seq12     
   7. seq2      
   8. seq10     
   9. seq16     
  10. seq4      
  11. seq3      
  12. seq19     
  13. seq11     
  14. seq6      
  15. seq14     
  16. naive     
  17. seq15     
  18. seq5      
  19. seq18     
  20. seq17     
  21. seq1      
  22. seq13     

Doing global rearrangements on all trees tied for best
  !-------------------------------------------!
   ...........................................

Adding species:
   1. seq20     
   2. seq9      
   3. seq18     
   4. seq15     
   5. seq4      
   6. seq1      
   7. seq12     
   8. seq21     
   9. naive     
  10. seq10     
  11. seq8      
  12. seq17     
  13. seq7      
  14. seq2      
  15. seq16     
  16. seq3      
  17. seq6      
  18. seq5      
  19. seq13     
  20. seq14     
  21. seq11     
  22. seq19     

Doing global rearrangements on all trees tied for best
  !-------------------------------------------!
   ...........................................

Collapsing best trees
   .

Output written to file "outfile"

Tree also written onto file "outtree"

Done.

