[2J[Hdnapars: can't find input file "infile"
Please enter a new file name> [2J[H
DNA parsimony algorithm, version 3.697

Setting for this run:
  U                 Search for best tree?  Yes
  S                        Search option?  More thorough search
  V              Number of trees to save?  10000
  J   Randomize input order of sequences?  No. Use input order
  O                        Outgroup root?  No, use as outgroup species  1
  T              Use Threshold parsimony?  No, use ordinary parsimony
  N           Use Transversion parsimony?  No, count all steps
  W                       Sites weighted?  No
  M           Analyze multiple data sets?  No
  I          Input sequences interleaved?  Yes
  0   Terminal type (IBM PC, ANSI, none)?  ANSI
  1    Print out the data at start of run  No
  2  Print indications of progress of run  Yes
  3                        Print out tree  Yes
  4          Print out steps in each site  No
  5  Print sequences at all nodes of tree  No
  6       Write out trees onto tree file?  Yes

  Y to accept these or type the letter for one to change

Random number seed (must be odd)?
Number of times to jumble?
[2J[H
DNA parsimony algorithm, version 3.697

Setting for this run:
  U                 Search for best tree?  Yes
  S                        Search option?  More thorough search
  V              Number of trees to save?  10000
  J   Randomize input order of sequences?  Yes (seed = 1720309, 10 times)
  O                        Outgroup root?  No, use as outgroup species  1
  T              Use Threshold parsimony?  No, use ordinary parsimony
  N           Use Transversion parsimony?  No, count all steps
  W                       Sites weighted?  No
  M           Analyze multiple data sets?  No
  I          Input sequences interleaved?  Yes
  0   Terminal type (IBM PC, ANSI, none)?  ANSI
  1    Print out the data at start of run  No
  2  Print indications of progress of run  Yes
  3                        Print out tree  Yes
  4          Print out steps in each site  No
  5  Print sequences at all nodes of tree  No
  6       Write out trees onto tree file?  Yes

  Y to accept these or type the letter for one to change
Type number of the outgroup:
[2J[H
DNA parsimony algorithm, version 3.697

Setting for this run:
  U                 Search for best tree?  Yes
  S                        Search option?  More thorough search
  V              Number of trees to save?  10000
  J   Randomize input order of sequences?  Yes (seed = 1720309, 10 times)
  O                        Outgroup root?  Yes, at sequence number  1
  T              Use Threshold parsimony?  No, use ordinary parsimony
  N           Use Transversion parsimony?  No, count all steps
  W                       Sites weighted?  No
  M           Analyze multiple data sets?  No
  I          Input sequences interleaved?  Yes
  0   Terminal type (IBM PC, ANSI, none)?  ANSI
  1    Print out the data at start of run  No
  2  Print indications of progress of run  Yes
  3                        Print out tree  Yes
  4          Print out steps in each site  No
  5  Print sequences at all nodes of tree  No
  6       Write out trees onto tree file?  Yes

  Y to accept these or type the letter for one to change
[2J[H
DNA parsimony algorithm, version 3.697

Setting for this run:
  U                 Search for best tree?  Yes
  S                        Search option?  More thorough search
  V              Number of trees to save?  10000
  J   Randomize input order of sequences?  Yes (seed = 1720309, 10 times)
  O                        Outgroup root?  Yes, at sequence number  1
  T              Use Threshold parsimony?  No, use ordinary parsimony
  N           Use Transversion parsimony?  No, count all steps
  W                       Sites weighted?  No
  M           Analyze multiple data sets?  No
  I          Input sequences interleaved?  Yes
  0   Terminal type (IBM PC, ANSI, none)?  ANSI
  1    Print out the data at start of run  No
  2  Print indications of progress of run  Yes
  3                        Print out tree  Yes
  4          Print out steps in each site  Yes
  5  Print sequences at all nodes of tree  No
  6       Write out trees onto tree file?  Yes

  Y to accept these or type the letter for one to change
[2J[H
DNA parsimony algorithm, version 3.697

Setting for this run:
  U                 Search for best tree?  Yes
  S                        Search option?  More thorough search
  V              Number of trees to save?  10000
  J   Randomize input order of sequences?  Yes (seed = 1720309, 10 times)
  O                        Outgroup root?  Yes, at sequence number  1
  T              Use Threshold parsimony?  No, use ordinary parsimony
  N           Use Transversion parsimony?  No, count all steps
  W                       Sites weighted?  No
  M           Analyze multiple data sets?  No
  I          Input sequences interleaved?  Yes
  0   Terminal type (IBM PC, ANSI, none)?  ANSI
  1    Print out the data at start of run  No
  2  Print indications of progress of run  Yes
  3                        Print out tree  Yes
  4          Print out steps in each site  Yes
  5  Print sequences at all nodes of tree  Yes
  .  Use dot-differencing to display them  Yes
  6       Write out trees onto tree file?  Yes

  Y to accept these or type the letter for one to change
[2J[H
DNA parsimony algorithm, version 3.697

Setting for this run:
  U                 Search for best tree?  Yes
  S                        Search option?  More thorough search
  V              Number of trees to save?  10000
  J   Randomize input order of sequences?  Yes (seed = 1720309, 10 times)
  O                        Outgroup root?  Yes, at sequence number  1
  T              Use Threshold parsimony?  No, use ordinary parsimony
  N           Use Transversion parsimony?  No, count all steps
  W                       Sites weighted?  No
  M           Analyze multiple data sets?  No
  I          Input sequences interleaved?  Yes
  0   Terminal type (IBM PC, ANSI, none)?  ANSI
  1    Print out the data at start of run  No
  2  Print indications of progress of run  Yes
  3                        Print out tree  Yes
  4          Print out steps in each site  Yes
  5  Print sequences at all nodes of tree  Yes
  .  Use dot-differencing to display them  No
  6       Write out trees onto tree file?  Yes

  Y to accept these or type the letter for one to change
Adding species:
   1. ighv      
   2. seq9      
   3. seq18     
   4. seq20     
   5. seq17     
   6. seq13     
   7. seq14     
   8. seq1      
   9. seq3      
  10. seq16     
  11. seq2      
  12. seq6      
  13. seq15     
  14. seq4      
  15. seq11     
  16. seq8      
  17. seq7      
  18. seq19     
  19. seq12     
  20. seq5      
  21. seq10     

Doing global rearrangements on all trees tied for best
  !-----------------------------------------!
   .........................................
   .........................................
   .........................................
   .........................................

Adding species:
   1. seq13     
   2. seq18     
   3. seq6      
   4. seq10     
   5. ighv      
   6. seq12     
   7. seq8      
   8. seq16     
   9. seq4      
  10. seq1      
  11. seq7      
  12. seq9      
  13. seq20     
  14. seq11     
  15. seq19     
  16. seq15     
  17. seq14     
  18. seq3      
  19. seq17     
  20. seq5      
  21. seq2      

Doing global rearrangements on all trees tied for best
  !-----------------------------------------!
   .........................................
   .........................................

Adding species:
   1. seq16     
   2. seq4      
   3. seq8      
   4. seq19     
   5. seq13     
   6. seq15     
   7. seq2      
   8. seq11     
   9. seq3      
  10. seq12     
  11. seq14     
  12. ighv      
  13. seq1      
  14. seq17     
  15. seq9      
  16. seq20     
  17. seq18     
  18. seq7      
  19. seq5      
  20. seq6      
  21. seq10     

Doing global rearrangements on all trees tied for best
  !-----------------------------------------!
   .........................................

Adding species:
   1. seq13     
   2. seq14     
   3. seq20     
   4. seq2      
   5. seq15     
   6. seq17     
   7. seq3      
   8. seq10     
   9. seq11     
  10. ighv      
  11. seq4      
  12. seq8      
  13. seq12     
  14. seq1      
  15. seq18     
  16. seq19     
  17. seq16     
  18. seq7      
  19. seq5      
  20. seq6      
  21. seq9      

Doing global rearrangements on all trees tied for best
  !-----------------------------------------!
   .........................................
   .........................................

Adding species:
   1. seq6      
   2. seq8      
   3. seq4      
   4. seq20     
   5. seq9      
   6. ighv      
   7. seq1      
   8. seq16     
   9. seq5      
  10. seq14     
  11. seq7      
  12. seq19     
  13. seq13     
  14. seq12     
  15. seq15     
  16. seq2      
  17. seq10     
  18. seq17     
  19. seq3      
  20. seq18     
  21. seq11     

Doing global rearrangements on all trees tied for best
  !-----------------------------------------!
   .........................................

Adding species:
   1. seq12     
   2. seq15     
   3. seq2      
   4. seq13     
   5. seq17     
   6. seq9      
   7. seq18     
   8. seq7      
   9. seq8      
  10. seq6      
  11. seq14     
  12. seq4      
  13. seq1      
  14. seq16     
  15. seq3      
  16. ighv      
  17. seq11     
  18. seq10     
  19. seq19     
  20. seq20     
  21. seq5      

Doing global rearrangements on all trees tied for best
  !-----------------------------------------!
   .........................................

Adding species:
   1. ighv      
   2. seq19     
   3. seq10     
   4. seq15     
   5. seq3      
   6. seq7      
   7. seq12     
   8. seq16     
   9. seq18     
  10. seq9      
  11. seq5      
  12. seq14     
  13. seq1      
  14. seq11     
  15. seq6      
  16. seq4      
  17. seq13     
  18. seq8      
  19. seq2      
  20. seq17     
  21. seq20     

Doing global rearrangements on all trees tied for best
  !-----------------------------------------!
   .........................................

Adding species:
   1. seq6      
   2. seq17     
   3. seq18     
   4. seq16     
   5. seq8      
   6. seq20     
   7. seq19     
   8. seq2      
   9. seq3      
  10. seq12     
  11. seq11     
  12. seq1      
  13. seq13     
  14. seq10     
  15. seq15     
  16. ighv      
  17. seq14     
  18. seq9      
  19. seq5      
  20. seq4      
  21. seq7      

Doing global rearrangements on all trees tied for best
  !-----------------------------------------!
   .........................................

Adding species:
   1. seq10     
   2. seq1      
   3. seq15     
   4. seq12     
   5. ighv      
   6. seq7      
   7. seq19     
   8. seq6      
   9. seq14     
  10. seq16     
  11. seq11     
  12. seq8      
  13. seq20     
  14. seq4      
  15. seq2      
  16. seq5      
  17. seq18     
  18. seq17     
  19. seq9      
  20. seq3      
  21. seq13     

Doing global rearrangements on all trees tied for best
  !-----------------------------------------!
   .........................................

Adding species:
   1. seq6      
   2. seq14     
   3. seq20     
   4. seq4      
   5. seq12     
   6. seq1      
   7. seq9      
   8. seq17     
   9. seq2      
  10. seq16     
  11. seq3      
  12. seq11     
  13. seq15     
  14. seq8      
  15. seq13     
  16. seq5      
  17. seq18     
  18. ighv      
  19. seq19     
  20. seq7      
  21. seq10     

Doing global rearrangements on all trees tied for best
  !-----------------------------------------!
   .........................................

Collapsing best trees
   .....

Output written to file "outfile"

Trees also written onto file "outtree"

Done.

